{"D:\\dev\\stellar-burgers\\src\\mock\\handlers.ts": {"path":"D:\\dev\\stellar-burgers\\src\\mock\\handlers.ts","all":false,"statementMap":{"0":{"start":{"line":1,"column":0},"end":{"line":1,"column":41}},"1":{"start":{"line":2,"column":0},"end":{"line":2,"column":0}},"2":{"start":{"line":3,"column":0},"end":{"line":3,"column":39}},"3":{"start":{"line":4,"column":0},"end":{"line":4,"column":0}},"4":{"start":{"line":5,"column":0},"end":{"line":5,"column":32}},"5":{"start":{"line":6,"column":0},"end":{"line":6,"column":38}},"6":{"start":{"line":7,"column":0},"end":{"line":7,"column":23}},"7":{"start":{"line":8,"column":0},"end":{"line":8,"column":20}},"8":{"start":{"line":9,"column":0},"end":{"line":9,"column":13}},"9":{"start":{"line":10,"column":0},"end":{"line":10,"column":9}},"10":{"start":{"line":11,"column":0},"end":{"line":11,"column":42}},"11":{"start":{"line":12,"column":0},"end":{"line":12,"column":41}},"12":{"start":{"line":13,"column":0},"end":{"line":13,"column":22}},"13":{"start":{"line":14,"column":0},"end":{"line":14,"column":23}},"14":{"start":{"line":15,"column":0},"end":{"line":15,"column":18}},"15":{"start":{"line":16,"column":0},"end":{"line":16,"column":28}},"16":{"start":{"line":17,"column":0},"end":{"line":17,"column":24}},"17":{"start":{"line":18,"column":0},"end":{"line":18,"column":22}},"18":{"start":{"line":19,"column":0},"end":{"line":19,"column":68}},"19":{"start":{"line":20,"column":0},"end":{"line":20,"column":23}},"20":{"start":{"line":21,"column":0},"end":{"line":21,"column":70}},"21":{"start":{"line":22,"column":0},"end":{"line":22,"column":80}},"22":{"start":{"line":23,"column":0},"end":{"line":23,"column":16}},"23":{"start":{"line":24,"column":0},"end":{"line":24,"column":10}},"24":{"start":{"line":25,"column":0},"end":{"line":25,"column":9}},"25":{"start":{"line":26,"column":0},"end":{"line":26,"column":42}},"26":{"start":{"line":27,"column":0},"end":{"line":27,"column":53}},"27":{"start":{"line":28,"column":0},"end":{"line":28,"column":23}},"28":{"start":{"line":29,"column":0},"end":{"line":29,"column":24}},"29":{"start":{"line":30,"column":0},"end":{"line":30,"column":19}},"30":{"start":{"line":31,"column":0},"end":{"line":31,"column":29}},"31":{"start":{"line":32,"column":0},"end":{"line":32,"column":25}},"32":{"start":{"line":33,"column":0},"end":{"line":33,"column":21}},"33":{"start":{"line":34,"column":0},"end":{"line":34,"column":69}},"34":{"start":{"line":35,"column":0},"end":{"line":35,"column":23}},"35":{"start":{"line":36,"column":0},"end":{"line":36,"column":71}},"36":{"start":{"line":37,"column":0},"end":{"line":37,"column":22}},"37":{"start":{"line":38,"column":0},"end":{"line":38,"column":70}},"38":{"start":{"line":39,"column":0},"end":{"line":39,"column":16}},"39":{"start":{"line":40,"column":0},"end":{"line":40,"column":10}},"40":{"start":{"line":41,"column":0},"end":{"line":41,"column":9}},"41":{"start":{"line":42,"column":0},"end":{"line":42,"column":42}},"42":{"start":{"line":43,"column":0},"end":{"line":43,"column":57}},"43":{"start":{"line":44,"column":0},"end":{"line":44,"column":23}},"44":{"start":{"line":45,"column":0},"end":{"line":45,"column":23}},"45":{"start":{"line":46,"column":0},"end":{"line":46,"column":18}},"46":{"start":{"line":47,"column":0},"end":{"line":47,"column":28}},"47":{"start":{"line":48,"column":0},"end":{"line":48,"column":24}},"48":{"start":{"line":49,"column":0},"end":{"line":49,"column":21}},"49":{"start":{"line":50,"column":0},"end":{"line":50,"column":69}},"50":{"start":{"line":51,"column":0},"end":{"line":51,"column":23}},"51":{"start":{"line":52,"column":0},"end":{"line":52,"column":71}},"52":{"start":{"line":53,"column":0},"end":{"line":53,"column":22}},"53":{"start":{"line":54,"column":0},"end":{"line":54,"column":70}},"54":{"start":{"line":55,"column":0},"end":{"line":55,"column":16}},"55":{"start":{"line":56,"column":0},"end":{"line":56,"column":10}},"56":{"start":{"line":57,"column":0},"end":{"line":57,"column":9}},"57":{"start":{"line":58,"column":0},"end":{"line":58,"column":42}},"58":{"start":{"line":59,"column":0},"end":{"line":59,"column":31}},"59":{"start":{"line":60,"column":0},"end":{"line":60,"column":24}},"60":{"start":{"line":61,"column":0},"end":{"line":61,"column":23}},"61":{"start":{"line":62,"column":0},"end":{"line":62,"column":18}},"62":{"start":{"line":63,"column":0},"end":{"line":63,"column":28}},"63":{"start":{"line":64,"column":0},"end":{"line":64,"column":23}},"64":{"start":{"line":65,"column":0},"end":{"line":65,"column":20}},"65":{"start":{"line":66,"column":0},"end":{"line":66,"column":70}},"66":{"start":{"line":67,"column":0},"end":{"line":67,"column":23}},"67":{"start":{"line":68,"column":0},"end":{"line":68,"column":72}},"68":{"start":{"line":69,"column":0},"end":{"line":69,"column":22}},"69":{"start":{"line":70,"column":0},"end":{"line":70,"column":71}},"70":{"start":{"line":71,"column":0},"end":{"line":71,"column":16}},"71":{"start":{"line":72,"column":0},"end":{"line":72,"column":10}},"72":{"start":{"line":73,"column":0},"end":{"line":73,"column":9}},"73":{"start":{"line":74,"column":0},"end":{"line":74,"column":42}},"74":{"start":{"line":75,"column":0},"end":{"line":75,"column":45}},"75":{"start":{"line":76,"column":0},"end":{"line":76,"column":24}},"76":{"start":{"line":77,"column":0},"end":{"line":77,"column":23}},"77":{"start":{"line":78,"column":0},"end":{"line":78,"column":18}},"78":{"start":{"line":79,"column":0},"end":{"line":79,"column":28}},"79":{"start":{"line":80,"column":0},"end":{"line":80,"column":23}},"80":{"start":{"line":81,"column":0},"end":{"line":81,"column":20}},"81":{"start":{"line":82,"column":0},"end":{"line":82,"column":70}},"82":{"start":{"line":83,"column":0},"end":{"line":83,"column":23}},"83":{"start":{"line":84,"column":0},"end":{"line":84,"column":72}},"84":{"start":{"line":85,"column":0},"end":{"line":85,"column":22}},"85":{"start":{"line":86,"column":0},"end":{"line":86,"column":71}},"86":{"start":{"line":87,"column":0},"end":{"line":87,"column":16}},"87":{"start":{"line":88,"column":0},"end":{"line":88,"column":10}},"88":{"start":{"line":89,"column":0},"end":{"line":89,"column":9}},"89":{"start":{"line":90,"column":0},"end":{"line":90,"column":42}},"90":{"start":{"line":91,"column":0},"end":{"line":91,"column":57}},"91":{"start":{"line":92,"column":0},"end":{"line":92,"column":23}},"92":{"start":{"line":93,"column":0},"end":{"line":93,"column":24}},"93":{"start":{"line":94,"column":0},"end":{"line":94,"column":19}},"94":{"start":{"line":95,"column":0},"end":{"line":95,"column":28}},"95":{"start":{"line":96,"column":0},"end":{"line":96,"column":24}},"96":{"start":{"line":97,"column":0},"end":{"line":97,"column":22}},"97":{"start":{"line":98,"column":0},"end":{"line":98,"column":69}},"98":{"start":{"line":99,"column":0},"end":{"line":99,"column":23}},"99":{"start":{"line":100,"column":0},"end":{"line":100,"column":71}},"100":{"start":{"line":101,"column":0},"end":{"line":101,"column":22}},"101":{"start":{"line":102,"column":0},"end":{"line":102,"column":70}},"102":{"start":{"line":103,"column":0},"end":{"line":103,"column":16}},"103":{"start":{"line":104,"column":0},"end":{"line":104,"column":10}},"104":{"start":{"line":105,"column":0},"end":{"line":105,"column":9}},"105":{"start":{"line":106,"column":0},"end":{"line":106,"column":42}},"106":{"start":{"line":107,"column":0},"end":{"line":107,"column":46}},"107":{"start":{"line":108,"column":0},"end":{"line":108,"column":23}},"108":{"start":{"line":109,"column":0},"end":{"line":109,"column":24}},"109":{"start":{"line":110,"column":0},"end":{"line":110,"column":19}},"110":{"start":{"line":111,"column":0},"end":{"line":111,"column":29}},"111":{"start":{"line":112,"column":0},"end":{"line":112,"column":25}},"112":{"start":{"line":113,"column":0},"end":{"line":113,"column":22}},"113":{"start":{"line":114,"column":0},"end":{"line":114,"column":69}},"114":{"start":{"line":115,"column":0},"end":{"line":115,"column":23}},"115":{"start":{"line":116,"column":0},"end":{"line":116,"column":71}},"116":{"start":{"line":117,"column":0},"end":{"line":117,"column":22}},"117":{"start":{"line":118,"column":0},"end":{"line":118,"column":70}},"118":{"start":{"line":119,"column":0},"end":{"line":119,"column":16}},"119":{"start":{"line":120,"column":0},"end":{"line":120,"column":10}},"120":{"start":{"line":121,"column":0},"end":{"line":121,"column":9}},"121":{"start":{"line":122,"column":0},"end":{"line":122,"column":42}},"122":{"start":{"line":123,"column":0},"end":{"line":123,"column":45}},"123":{"start":{"line":124,"column":0},"end":{"line":124,"column":22}},"124":{"start":{"line":125,"column":0},"end":{"line":125,"column":23}},"125":{"start":{"line":126,"column":0},"end":{"line":126,"column":18}},"126":{"start":{"line":127,"column":0},"end":{"line":127,"column":28}},"127":{"start":{"line":128,"column":0},"end":{"line":128,"column":24}},"128":{"start":{"line":129,"column":0},"end":{"line":129,"column":21}},"129":{"start":{"line":130,"column":0},"end":{"line":130,"column":68}},"130":{"start":{"line":131,"column":0},"end":{"line":131,"column":23}},"131":{"start":{"line":132,"column":0},"end":{"line":132,"column":70}},"132":{"start":{"line":133,"column":0},"end":{"line":133,"column":80}},"133":{"start":{"line":134,"column":0},"end":{"line":134,"column":16}},"134":{"start":{"line":135,"column":0},"end":{"line":135,"column":10}},"135":{"start":{"line":136,"column":0},"end":{"line":136,"column":9}},"136":{"start":{"line":137,"column":0},"end":{"line":137,"column":42}},"137":{"start":{"line":138,"column":0},"end":{"line":138,"column":50}},"138":{"start":{"line":139,"column":0},"end":{"line":139,"column":24}},"139":{"start":{"line":140,"column":0},"end":{"line":140,"column":23}},"140":{"start":{"line":141,"column":0},"end":{"line":141,"column":18}},"141":{"start":{"line":142,"column":0},"end":{"line":142,"column":28}},"142":{"start":{"line":143,"column":0},"end":{"line":143,"column":23}},"143":{"start":{"line":144,"column":0},"end":{"line":144,"column":20}},"144":{"start":{"line":145,"column":0},"end":{"line":145,"column":70}},"145":{"start":{"line":146,"column":0},"end":{"line":146,"column":23}},"146":{"start":{"line":147,"column":0},"end":{"line":147,"column":72}},"147":{"start":{"line":148,"column":0},"end":{"line":148,"column":22}},"148":{"start":{"line":149,"column":0},"end":{"line":149,"column":71}},"149":{"start":{"line":150,"column":0},"end":{"line":150,"column":16}},"150":{"start":{"line":151,"column":0},"end":{"line":151,"column":10}},"151":{"start":{"line":152,"column":0},"end":{"line":152,"column":9}},"152":{"start":{"line":153,"column":0},"end":{"line":153,"column":42}},"153":{"start":{"line":154,"column":0},"end":{"line":154,"column":58}},"154":{"start":{"line":155,"column":0},"end":{"line":155,"column":24}},"155":{"start":{"line":156,"column":0},"end":{"line":156,"column":24}},"156":{"start":{"line":157,"column":0},"end":{"line":157,"column":18}},"157":{"start":{"line":158,"column":0},"end":{"line":158,"column":29}},"158":{"start":{"line":159,"column":0},"end":{"line":159,"column":24}},"159":{"start":{"line":160,"column":0},"end":{"line":160,"column":20}},"160":{"start":{"line":161,"column":0},"end":{"line":161,"column":70}},"161":{"start":{"line":162,"column":0},"end":{"line":162,"column":23}},"162":{"start":{"line":163,"column":0},"end":{"line":163,"column":72}},"163":{"start":{"line":164,"column":0},"end":{"line":164,"column":22}},"164":{"start":{"line":165,"column":0},"end":{"line":165,"column":71}},"165":{"start":{"line":166,"column":0},"end":{"line":166,"column":16}},"166":{"start":{"line":167,"column":0},"end":{"line":167,"column":10}},"167":{"start":{"line":168,"column":0},"end":{"line":168,"column":9}},"168":{"start":{"line":169,"column":0},"end":{"line":169,"column":42}},"169":{"start":{"line":170,"column":0},"end":{"line":170,"column":47}},"170":{"start":{"line":171,"column":0},"end":{"line":171,"column":23}},"171":{"start":{"line":172,"column":0},"end":{"line":172,"column":24}},"172":{"start":{"line":173,"column":0},"end":{"line":173,"column":19}},"173":{"start":{"line":174,"column":0},"end":{"line":174,"column":29}},"174":{"start":{"line":175,"column":0},"end":{"line":175,"column":24}},"175":{"start":{"line":176,"column":0},"end":{"line":176,"column":21}},"176":{"start":{"line":177,"column":0},"end":{"line":177,"column":75}},"177":{"start":{"line":178,"column":0},"end":{"line":178,"column":23}},"178":{"start":{"line":179,"column":0},"end":{"line":179,"column":77}},"179":{"start":{"line":180,"column":0},"end":{"line":180,"column":22}},"180":{"start":{"line":181,"column":0},"end":{"line":181,"column":76}},"181":{"start":{"line":182,"column":0},"end":{"line":182,"column":16}},"182":{"start":{"line":183,"column":0},"end":{"line":183,"column":10}},"183":{"start":{"line":184,"column":0},"end":{"line":184,"column":9}},"184":{"start":{"line":185,"column":0},"end":{"line":185,"column":42}},"185":{"start":{"line":186,"column":0},"end":{"line":186,"column":46}},"186":{"start":{"line":187,"column":0},"end":{"line":187,"column":23}},"187":{"start":{"line":188,"column":0},"end":{"line":188,"column":23}},"188":{"start":{"line":189,"column":0},"end":{"line":189,"column":17}},"189":{"start":{"line":190,"column":0},"end":{"line":190,"column":28}},"190":{"start":{"line":191,"column":0},"end":{"line":191,"column":23}},"191":{"start":{"line":192,"column":0},"end":{"line":192,"column":21}},"192":{"start":{"line":193,"column":0},"end":{"line":193,"column":66}},"193":{"start":{"line":194,"column":0},"end":{"line":194,"column":80}},"194":{"start":{"line":195,"column":0},"end":{"line":195,"column":78}},"195":{"start":{"line":196,"column":0},"end":{"line":196,"column":16}},"196":{"start":{"line":197,"column":0},"end":{"line":197,"column":10}},"197":{"start":{"line":198,"column":0},"end":{"line":198,"column":9}},"198":{"start":{"line":199,"column":0},"end":{"line":199,"column":42}},"199":{"start":{"line":200,"column":0},"end":{"line":200,"column":56}},"200":{"start":{"line":201,"column":0},"end":{"line":201,"column":23}},"201":{"start":{"line":202,"column":0},"end":{"line":202,"column":24}},"202":{"start":{"line":203,"column":0},"end":{"line":203,"column":19}},"203":{"start":{"line":204,"column":0},"end":{"line":204,"column":29}},"204":{"start":{"line":205,"column":0},"end":{"line":205,"column":24}},"205":{"start":{"line":206,"column":0},"end":{"line":206,"column":21}},"206":{"start":{"line":207,"column":0},"end":{"line":207,"column":66}},"207":{"start":{"line":208,"column":0},"end":{"line":208,"column":80}},"208":{"start":{"line":209,"column":0},"end":{"line":209,"column":78}},"209":{"start":{"line":210,"column":0},"end":{"line":210,"column":16}},"210":{"start":{"line":211,"column":0},"end":{"line":211,"column":10}},"211":{"start":{"line":212,"column":0},"end":{"line":212,"column":9}},"212":{"start":{"line":213,"column":0},"end":{"line":213,"column":42}},"213":{"start":{"line":214,"column":0},"end":{"line":214,"column":43}},"214":{"start":{"line":215,"column":0},"end":{"line":215,"column":23}},"215":{"start":{"line":216,"column":0},"end":{"line":216,"column":22}},"216":{"start":{"line":217,"column":0},"end":{"line":217,"column":17}},"217":{"start":{"line":218,"column":0},"end":{"line":218,"column":27}},"218":{"start":{"line":219,"column":0},"end":{"line":219,"column":22}},"219":{"start":{"line":220,"column":0},"end":{"line":220,"column":22}},"220":{"start":{"line":221,"column":0},"end":{"line":221,"column":67}},"221":{"start":{"line":222,"column":0},"end":{"line":222,"column":23}},"222":{"start":{"line":223,"column":0},"end":{"line":223,"column":69}},"223":{"start":{"line":224,"column":0},"end":{"line":224,"column":79}},"224":{"start":{"line":225,"column":0},"end":{"line":225,"column":16}},"225":{"start":{"line":226,"column":0},"end":{"line":226,"column":10}},"226":{"start":{"line":227,"column":0},"end":{"line":227,"column":9}},"227":{"start":{"line":228,"column":0},"end":{"line":228,"column":42}},"228":{"start":{"line":229,"column":0},"end":{"line":229,"column":45}},"229":{"start":{"line":230,"column":0},"end":{"line":230,"column":23}},"230":{"start":{"line":231,"column":0},"end":{"line":231,"column":23}},"231":{"start":{"line":232,"column":0},"end":{"line":232,"column":18}},"232":{"start":{"line":233,"column":0},"end":{"line":233,"column":29}},"233":{"start":{"line":234,"column":0},"end":{"line":234,"column":25}},"234":{"start":{"line":235,"column":0},"end":{"line":235,"column":22}},"235":{"start":{"line":236,"column":0},"end":{"line":236,"column":68}},"236":{"start":{"line":237,"column":0},"end":{"line":237,"column":23}},"237":{"start":{"line":238,"column":0},"end":{"line":238,"column":70}},"238":{"start":{"line":239,"column":0},"end":{"line":239,"column":80}},"239":{"start":{"line":240,"column":0},"end":{"line":240,"column":16}},"240":{"start":{"line":241,"column":0},"end":{"line":241,"column":9}},"241":{"start":{"line":242,"column":0},"end":{"line":242,"column":7}},"242":{"start":{"line":243,"column":0},"end":{"line":243,"column":6}},"243":{"start":{"line":244,"column":0},"end":{"line":244,"column":4}},"244":{"start":{"line":245,"column":0},"end":{"line":245,"column":37}},"245":{"start":{"line":246,"column":0},"end":{"line":246,"column":23}},"246":{"start":{"line":247,"column":0},"end":{"line":247,"column":20}},"247":{"start":{"line":248,"column":0},"end":{"line":248,"column":15}},"248":{"start":{"line":249,"column":0},"end":{"line":249,"column":9}},"249":{"start":{"line":250,"column":0},"end":{"line":250,"column":42}},"250":{"start":{"line":251,"column":0},"end":{"line":251,"column":24}},"251":{"start":{"line":252,"column":0},"end":{"line":252,"column":39}},"252":{"start":{"line":253,"column":0},"end":{"line":253,"column":39}},"253":{"start":{"line":254,"column":0},"end":{"line":254,"column":38}},"254":{"start":{"line":255,"column":0},"end":{"line":255,"column":12}},"255":{"start":{"line":256,"column":0},"end":{"line":256,"column":25}},"256":{"start":{"line":257,"column":0},"end":{"line":257,"column":71}},"257":{"start":{"line":258,"column":0},"end":{"line":258,"column":48}},"258":{"start":{"line":259,"column":0},"end":{"line":259,"column":48}},"259":{"start":{"line":260,"column":0},"end":{"line":260,"column":23}},"260":{"start":{"line":261,"column":0},"end":{"line":261,"column":10}},"261":{"start":{"line":262,"column":0},"end":{"line":262,"column":9}},"262":{"start":{"line":263,"column":0},"end":{"line":263,"column":42}},"263":{"start":{"line":264,"column":0},"end":{"line":264,"column":24}},"264":{"start":{"line":265,"column":0},"end":{"line":265,"column":39}},"265":{"start":{"line":266,"column":0},"end":{"line":266,"column":39}},"266":{"start":{"line":267,"column":0},"end":{"line":267,"column":39}},"267":{"start":{"line":268,"column":0},"end":{"line":268,"column":38}},"268":{"start":{"line":269,"column":0},"end":{"line":269,"column":12}},"269":{"start":{"line":270,"column":0},"end":{"line":270,"column":25}},"270":{"start":{"line":271,"column":0},"end":{"line":271,"column":59}},"271":{"start":{"line":272,"column":0},"end":{"line":272,"column":48}},"272":{"start":{"line":273,"column":0},"end":{"line":273,"column":48}},"273":{"start":{"line":274,"column":0},"end":{"line":274,"column":23}},"274":{"start":{"line":275,"column":0},"end":{"line":275,"column":10}},"275":{"start":{"line":276,"column":0},"end":{"line":276,"column":9}},"276":{"start":{"line":277,"column":0},"end":{"line":277,"column":42}},"277":{"start":{"line":278,"column":0},"end":{"line":278,"column":24}},"278":{"start":{"line":279,"column":0},"end":{"line":279,"column":39}},"279":{"start":{"line":280,"column":0},"end":{"line":280,"column":39}},"280":{"start":{"line":281,"column":0},"end":{"line":281,"column":39}},"281":{"start":{"line":282,"column":0},"end":{"line":282,"column":39}},"282":{"start":{"line":283,"column":0},"end":{"line":283,"column":39}},"283":{"start":{"line":284,"column":0},"end":{"line":284,"column":38}},"284":{"start":{"line":285,"column":0},"end":{"line":285,"column":12}},"285":{"start":{"line":286,"column":0},"end":{"line":286,"column":25}},"286":{"start":{"line":287,"column":0},"end":{"line":287,"column":91}},"287":{"start":{"line":288,"column":0},"end":{"line":288,"column":48}},"288":{"start":{"line":289,"column":0},"end":{"line":289,"column":48}},"289":{"start":{"line":290,"column":0},"end":{"line":290,"column":23}},"290":{"start":{"line":291,"column":0},"end":{"line":291,"column":10}},"291":{"start":{"line":292,"column":0},"end":{"line":292,"column":9}},"292":{"start":{"line":293,"column":0},"end":{"line":293,"column":42}},"293":{"start":{"line":294,"column":0},"end":{"line":294,"column":24}},"294":{"start":{"line":295,"column":0},"end":{"line":295,"column":39}},"295":{"start":{"line":296,"column":0},"end":{"line":296,"column":39}},"296":{"start":{"line":297,"column":0},"end":{"line":297,"column":38}},"297":{"start":{"line":298,"column":0},"end":{"line":298,"column":12}},"298":{"start":{"line":299,"column":0},"end":{"line":299,"column":25}},"299":{"start":{"line":300,"column":0},"end":{"line":300,"column":50}},"300":{"start":{"line":301,"column":0},"end":{"line":301,"column":48}},"301":{"start":{"line":302,"column":0},"end":{"line":302,"column":48}},"302":{"start":{"line":303,"column":0},"end":{"line":303,"column":23}},"303":{"start":{"line":304,"column":0},"end":{"line":304,"column":10}},"304":{"start":{"line":305,"column":0},"end":{"line":305,"column":9}},"305":{"start":{"line":306,"column":0},"end":{"line":306,"column":42}},"306":{"start":{"line":307,"column":0},"end":{"line":307,"column":24}},"307":{"start":{"line":308,"column":0},"end":{"line":308,"column":39}},"308":{"start":{"line":309,"column":0},"end":{"line":309,"column":39}},"309":{"start":{"line":310,"column":0},"end":{"line":310,"column":38}},"310":{"start":{"line":311,"column":0},"end":{"line":311,"column":12}},"311":{"start":{"line":312,"column":0},"end":{"line":312,"column":25}},"312":{"start":{"line":313,"column":0},"end":{"line":313,"column":50}},"313":{"start":{"line":314,"column":0},"end":{"line":314,"column":48}},"314":{"start":{"line":315,"column":0},"end":{"line":315,"column":48}},"315":{"start":{"line":316,"column":0},"end":{"line":316,"column":23}},"316":{"start":{"line":317,"column":0},"end":{"line":317,"column":10}},"317":{"start":{"line":318,"column":0},"end":{"line":318,"column":9}},"318":{"start":{"line":319,"column":0},"end":{"line":319,"column":42}},"319":{"start":{"line":320,"column":0},"end":{"line":320,"column":24}},"320":{"start":{"line":321,"column":0},"end":{"line":321,"column":39}},"321":{"start":{"line":322,"column":0},"end":{"line":322,"column":39}},"322":{"start":{"line":323,"column":0},"end":{"line":323,"column":39}},"323":{"start":{"line":324,"column":0},"end":{"line":324,"column":39}},"324":{"start":{"line":325,"column":0},"end":{"line":325,"column":38}},"325":{"start":{"line":326,"column":0},"end":{"line":326,"column":12}},"326":{"start":{"line":327,"column":0},"end":{"line":327,"column":25}},"327":{"start":{"line":328,"column":0},"end":{"line":328,"column":77}},"328":{"start":{"line":329,"column":0},"end":{"line":329,"column":48}},"329":{"start":{"line":330,"column":0},"end":{"line":330,"column":48}},"330":{"start":{"line":331,"column":0},"end":{"line":331,"column":23}},"331":{"start":{"line":332,"column":0},"end":{"line":332,"column":10}},"332":{"start":{"line":333,"column":0},"end":{"line":333,"column":9}},"333":{"start":{"line":334,"column":0},"end":{"line":334,"column":42}},"334":{"start":{"line":335,"column":0},"end":{"line":335,"column":24}},"335":{"start":{"line":336,"column":0},"end":{"line":336,"column":39}},"336":{"start":{"line":337,"column":0},"end":{"line":337,"column":39}},"337":{"start":{"line":338,"column":0},"end":{"line":338,"column":38}},"338":{"start":{"line":339,"column":0},"end":{"line":339,"column":12}},"339":{"start":{"line":340,"column":0},"end":{"line":340,"column":25}},"340":{"start":{"line":341,"column":0},"end":{"line":341,"column":41}},"341":{"start":{"line":342,"column":0},"end":{"line":342,"column":48}},"342":{"start":{"line":343,"column":0},"end":{"line":343,"column":48}},"343":{"start":{"line":344,"column":0},"end":{"line":344,"column":23}},"344":{"start":{"line":345,"column":0},"end":{"line":345,"column":10}},"345":{"start":{"line":346,"column":0},"end":{"line":346,"column":9}},"346":{"start":{"line":347,"column":0},"end":{"line":347,"column":42}},"347":{"start":{"line":348,"column":0},"end":{"line":348,"column":24}},"348":{"start":{"line":349,"column":0},"end":{"line":349,"column":39}},"349":{"start":{"line":350,"column":0},"end":{"line":350,"column":39}},"350":{"start":{"line":351,"column":0},"end":{"line":351,"column":39}},"351":{"start":{"line":352,"column":0},"end":{"line":352,"column":38}},"352":{"start":{"line":353,"column":0},"end":{"line":353,"column":12}},"353":{"start":{"line":354,"column":0},"end":{"line":354,"column":25}},"354":{"start":{"line":355,"column":0},"end":{"line":355,"column":60}},"355":{"start":{"line":356,"column":0},"end":{"line":356,"column":48}},"356":{"start":{"line":357,"column":0},"end":{"line":357,"column":48}},"357":{"start":{"line":358,"column":0},"end":{"line":358,"column":23}},"358":{"start":{"line":359,"column":0},"end":{"line":359,"column":10}},"359":{"start":{"line":360,"column":0},"end":{"line":360,"column":9}},"360":{"start":{"line":361,"column":0},"end":{"line":361,"column":42}},"361":{"start":{"line":362,"column":0},"end":{"line":362,"column":24}},"362":{"start":{"line":363,"column":0},"end":{"line":363,"column":39}},"363":{"start":{"line":364,"column":0},"end":{"line":364,"column":39}},"364":{"start":{"line":365,"column":0},"end":{"line":365,"column":39}},"365":{"start":{"line":366,"column":0},"end":{"line":366,"column":39}},"366":{"start":{"line":367,"column":0},"end":{"line":367,"column":39}},"367":{"start":{"line":368,"column":0},"end":{"line":368,"column":38}},"368":{"start":{"line":369,"column":0},"end":{"line":369,"column":12}},"369":{"start":{"line":370,"column":0},"end":{"line":370,"column":25}},"370":{"start":{"line":371,"column":0},"end":{"line":371,"column":95}},"371":{"start":{"line":372,"column":0},"end":{"line":372,"column":48}},"372":{"start":{"line":373,"column":0},"end":{"line":373,"column":48}},"373":{"start":{"line":374,"column":0},"end":{"line":374,"column":23}},"374":{"start":{"line":375,"column":0},"end":{"line":375,"column":10}},"375":{"start":{"line":376,"column":0},"end":{"line":376,"column":9}},"376":{"start":{"line":377,"column":0},"end":{"line":377,"column":42}},"377":{"start":{"line":378,"column":0},"end":{"line":378,"column":80}},"378":{"start":{"line":379,"column":0},"end":{"line":379,"column":25}},"379":{"start":{"line":380,"column":0},"end":{"line":380,"column":40}},"380":{"start":{"line":381,"column":0},"end":{"line":381,"column":48}},"381":{"start":{"line":382,"column":0},"end":{"line":382,"column":48}},"382":{"start":{"line":383,"column":0},"end":{"line":383,"column":23}},"383":{"start":{"line":384,"column":0},"end":{"line":384,"column":10}},"384":{"start":{"line":385,"column":0},"end":{"line":385,"column":9}},"385":{"start":{"line":386,"column":0},"end":{"line":386,"column":42}},"386":{"start":{"line":387,"column":0},"end":{"line":387,"column":80}},"387":{"start":{"line":388,"column":0},"end":{"line":388,"column":25}},"388":{"start":{"line":389,"column":0},"end":{"line":389,"column":40}},"389":{"start":{"line":390,"column":0},"end":{"line":390,"column":48}},"390":{"start":{"line":391,"column":0},"end":{"line":391,"column":48}},"391":{"start":{"line":392,"column":0},"end":{"line":392,"column":23}},"392":{"start":{"line":393,"column":0},"end":{"line":393,"column":10}},"393":{"start":{"line":394,"column":0},"end":{"line":394,"column":9}},"394":{"start":{"line":395,"column":0},"end":{"line":395,"column":42}},"395":{"start":{"line":396,"column":0},"end":{"line":396,"column":80}},"396":{"start":{"line":397,"column":0},"end":{"line":397,"column":25}},"397":{"start":{"line":398,"column":0},"end":{"line":398,"column":40}},"398":{"start":{"line":399,"column":0},"end":{"line":399,"column":48}},"399":{"start":{"line":400,"column":0},"end":{"line":400,"column":48}},"400":{"start":{"line":401,"column":0},"end":{"line":401,"column":23}},"401":{"start":{"line":402,"column":0},"end":{"line":402,"column":10}},"402":{"start":{"line":403,"column":0},"end":{"line":403,"column":9}},"403":{"start":{"line":404,"column":0},"end":{"line":404,"column":42}},"404":{"start":{"line":405,"column":0},"end":{"line":405,"column":24}},"405":{"start":{"line":406,"column":0},"end":{"line":406,"column":39}},"406":{"start":{"line":407,"column":0},"end":{"line":407,"column":39}},"407":{"start":{"line":408,"column":0},"end":{"line":408,"column":38}},"408":{"start":{"line":409,"column":0},"end":{"line":409,"column":12}},"409":{"start":{"line":410,"column":0},"end":{"line":410,"column":25}},"410":{"start":{"line":411,"column":0},"end":{"line":411,"column":41}},"411":{"start":{"line":412,"column":0},"end":{"line":412,"column":48}},"412":{"start":{"line":413,"column":0},"end":{"line":413,"column":48}},"413":{"start":{"line":414,"column":0},"end":{"line":414,"column":23}},"414":{"start":{"line":415,"column":0},"end":{"line":415,"column":10}},"415":{"start":{"line":416,"column":0},"end":{"line":416,"column":9}},"416":{"start":{"line":417,"column":0},"end":{"line":417,"column":42}},"417":{"start":{"line":418,"column":0},"end":{"line":418,"column":80}},"418":{"start":{"line":419,"column":0},"end":{"line":419,"column":25}},"419":{"start":{"line":420,"column":0},"end":{"line":420,"column":40}},"420":{"start":{"line":421,"column":0},"end":{"line":421,"column":48}},"421":{"start":{"line":422,"column":0},"end":{"line":422,"column":48}},"422":{"start":{"line":423,"column":0},"end":{"line":423,"column":23}},"423":{"start":{"line":424,"column":0},"end":{"line":424,"column":10}},"424":{"start":{"line":425,"column":0},"end":{"line":425,"column":9}},"425":{"start":{"line":426,"column":0},"end":{"line":426,"column":42}},"426":{"start":{"line":427,"column":0},"end":{"line":427,"column":24}},"427":{"start":{"line":428,"column":0},"end":{"line":428,"column":39}},"428":{"start":{"line":429,"column":0},"end":{"line":429,"column":39}},"429":{"start":{"line":430,"column":0},"end":{"line":430,"column":38}},"430":{"start":{"line":431,"column":0},"end":{"line":431,"column":12}},"431":{"start":{"line":432,"column":0},"end":{"line":432,"column":25}},"432":{"start":{"line":433,"column":0},"end":{"line":433,"column":41}},"433":{"start":{"line":434,"column":0},"end":{"line":434,"column":48}},"434":{"start":{"line":435,"column":0},"end":{"line":435,"column":48}},"435":{"start":{"line":436,"column":0},"end":{"line":436,"column":23}},"436":{"start":{"line":437,"column":0},"end":{"line":437,"column":10}},"437":{"start":{"line":438,"column":0},"end":{"line":438,"column":9}},"438":{"start":{"line":439,"column":0},"end":{"line":439,"column":42}},"439":{"start":{"line":440,"column":0},"end":{"line":440,"column":24}},"440":{"start":{"line":441,"column":0},"end":{"line":441,"column":39}},"441":{"start":{"line":442,"column":0},"end":{"line":442,"column":39}},"442":{"start":{"line":443,"column":0},"end":{"line":443,"column":38}},"443":{"start":{"line":444,"column":0},"end":{"line":444,"column":12}},"444":{"start":{"line":445,"column":0},"end":{"line":445,"column":25}},"445":{"start":{"line":446,"column":0},"end":{"line":446,"column":41}},"446":{"start":{"line":447,"column":0},"end":{"line":447,"column":48}},"447":{"start":{"line":448,"column":0},"end":{"line":448,"column":48}},"448":{"start":{"line":449,"column":0},"end":{"line":449,"column":23}},"449":{"start":{"line":450,"column":0},"end":{"line":450,"column":10}},"450":{"start":{"line":451,"column":0},"end":{"line":451,"column":9}},"451":{"start":{"line":452,"column":0},"end":{"line":452,"column":42}},"452":{"start":{"line":453,"column":0},"end":{"line":453,"column":24}},"453":{"start":{"line":454,"column":0},"end":{"line":454,"column":39}},"454":{"start":{"line":455,"column":0},"end":{"line":455,"column":39}},"455":{"start":{"line":456,"column":0},"end":{"line":456,"column":38}},"456":{"start":{"line":457,"column":0},"end":{"line":457,"column":12}},"457":{"start":{"line":458,"column":0},"end":{"line":458,"column":25}},"458":{"start":{"line":459,"column":0},"end":{"line":459,"column":41}},"459":{"start":{"line":460,"column":0},"end":{"line":460,"column":48}},"460":{"start":{"line":461,"column":0},"end":{"line":461,"column":48}},"461":{"start":{"line":462,"column":0},"end":{"line":462,"column":23}},"462":{"start":{"line":463,"column":0},"end":{"line":463,"column":10}},"463":{"start":{"line":464,"column":0},"end":{"line":464,"column":9}},"464":{"start":{"line":465,"column":0},"end":{"line":465,"column":42}},"465":{"start":{"line":466,"column":0},"end":{"line":466,"column":24}},"466":{"start":{"line":467,"column":0},"end":{"line":467,"column":39}},"467":{"start":{"line":468,"column":0},"end":{"line":468,"column":39}},"468":{"start":{"line":469,"column":0},"end":{"line":469,"column":38}},"469":{"start":{"line":470,"column":0},"end":{"line":470,"column":12}},"470":{"start":{"line":471,"column":0},"end":{"line":471,"column":25}},"471":{"start":{"line":472,"column":0},"end":{"line":472,"column":41}},"472":{"start":{"line":473,"column":0},"end":{"line":473,"column":48}},"473":{"start":{"line":474,"column":0},"end":{"line":474,"column":48}},"474":{"start":{"line":475,"column":0},"end":{"line":475,"column":23}},"475":{"start":{"line":476,"column":0},"end":{"line":476,"column":10}},"476":{"start":{"line":477,"column":0},"end":{"line":477,"column":9}},"477":{"start":{"line":478,"column":0},"end":{"line":478,"column":42}},"478":{"start":{"line":479,"column":0},"end":{"line":479,"column":24}},"479":{"start":{"line":480,"column":0},"end":{"line":480,"column":39}},"480":{"start":{"line":481,"column":0},"end":{"line":481,"column":39}},"481":{"start":{"line":482,"column":0},"end":{"line":482,"column":38}},"482":{"start":{"line":483,"column":0},"end":{"line":483,"column":12}},"483":{"start":{"line":484,"column":0},"end":{"line":484,"column":25}},"484":{"start":{"line":485,"column":0},"end":{"line":485,"column":41}},"485":{"start":{"line":486,"column":0},"end":{"line":486,"column":48}},"486":{"start":{"line":487,"column":0},"end":{"line":487,"column":48}},"487":{"start":{"line":488,"column":0},"end":{"line":488,"column":23}},"488":{"start":{"line":489,"column":0},"end":{"line":489,"column":10}},"489":{"start":{"line":490,"column":0},"end":{"line":490,"column":9}},"490":{"start":{"line":491,"column":0},"end":{"line":491,"column":42}},"491":{"start":{"line":492,"column":0},"end":{"line":492,"column":24}},"492":{"start":{"line":493,"column":0},"end":{"line":493,"column":39}},"493":{"start":{"line":494,"column":0},"end":{"line":494,"column":39}},"494":{"start":{"line":495,"column":0},"end":{"line":495,"column":38}},"495":{"start":{"line":496,"column":0},"end":{"line":496,"column":12}},"496":{"start":{"line":497,"column":0},"end":{"line":497,"column":25}},"497":{"start":{"line":498,"column":0},"end":{"line":498,"column":41}},"498":{"start":{"line":499,"column":0},"end":{"line":499,"column":48}},"499":{"start":{"line":500,"column":0},"end":{"line":500,"column":48}},"500":{"start":{"line":501,"column":0},"end":{"line":501,"column":23}},"501":{"start":{"line":502,"column":0},"end":{"line":502,"column":10}},"502":{"start":{"line":503,"column":0},"end":{"line":503,"column":9}},"503":{"start":{"line":504,"column":0},"end":{"line":504,"column":42}},"504":{"start":{"line":505,"column":0},"end":{"line":505,"column":24}},"505":{"start":{"line":506,"column":0},"end":{"line":506,"column":39}},"506":{"start":{"line":507,"column":0},"end":{"line":507,"column":39}},"507":{"start":{"line":508,"column":0},"end":{"line":508,"column":38}},"508":{"start":{"line":509,"column":0},"end":{"line":509,"column":12}},"509":{"start":{"line":510,"column":0},"end":{"line":510,"column":25}},"510":{"start":{"line":511,"column":0},"end":{"line":511,"column":41}},"511":{"start":{"line":512,"column":0},"end":{"line":512,"column":48}},"512":{"start":{"line":513,"column":0},"end":{"line":513,"column":48}},"513":{"start":{"line":514,"column":0},"end":{"line":514,"column":23}},"514":{"start":{"line":515,"column":0},"end":{"line":515,"column":10}},"515":{"start":{"line":516,"column":0},"end":{"line":516,"column":9}},"516":{"start":{"line":517,"column":0},"end":{"line":517,"column":42}},"517":{"start":{"line":518,"column":0},"end":{"line":518,"column":24}},"518":{"start":{"line":519,"column":0},"end":{"line":519,"column":39}},"519":{"start":{"line":520,"column":0},"end":{"line":520,"column":39}},"520":{"start":{"line":521,"column":0},"end":{"line":521,"column":38}},"521":{"start":{"line":522,"column":0},"end":{"line":522,"column":12}},"522":{"start":{"line":523,"column":0},"end":{"line":523,"column":25}},"523":{"start":{"line":524,"column":0},"end":{"line":524,"column":41}},"524":{"start":{"line":525,"column":0},"end":{"line":525,"column":48}},"525":{"start":{"line":526,"column":0},"end":{"line":526,"column":48}},"526":{"start":{"line":527,"column":0},"end":{"line":527,"column":23}},"527":{"start":{"line":528,"column":0},"end":{"line":528,"column":10}},"528":{"start":{"line":529,"column":0},"end":{"line":529,"column":9}},"529":{"start":{"line":530,"column":0},"end":{"line":530,"column":42}},"530":{"start":{"line":531,"column":0},"end":{"line":531,"column":24}},"531":{"start":{"line":532,"column":0},"end":{"line":532,"column":39}},"532":{"start":{"line":533,"column":0},"end":{"line":533,"column":39}},"533":{"start":{"line":534,"column":0},"end":{"line":534,"column":38}},"534":{"start":{"line":535,"column":0},"end":{"line":535,"column":12}},"535":{"start":{"line":536,"column":0},"end":{"line":536,"column":25}},"536":{"start":{"line":537,"column":0},"end":{"line":537,"column":41}},"537":{"start":{"line":538,"column":0},"end":{"line":538,"column":48}},"538":{"start":{"line":539,"column":0},"end":{"line":539,"column":48}},"539":{"start":{"line":540,"column":0},"end":{"line":540,"column":23}},"540":{"start":{"line":541,"column":0},"end":{"line":541,"column":10}},"541":{"start":{"line":542,"column":0},"end":{"line":542,"column":9}},"542":{"start":{"line":543,"column":0},"end":{"line":543,"column":42}},"543":{"start":{"line":544,"column":0},"end":{"line":544,"column":24}},"544":{"start":{"line":545,"column":0},"end":{"line":545,"column":39}},"545":{"start":{"line":546,"column":0},"end":{"line":546,"column":39}},"546":{"start":{"line":547,"column":0},"end":{"line":547,"column":38}},"547":{"start":{"line":548,"column":0},"end":{"line":548,"column":12}},"548":{"start":{"line":549,"column":0},"end":{"line":549,"column":25}},"549":{"start":{"line":550,"column":0},"end":{"line":550,"column":41}},"550":{"start":{"line":551,"column":0},"end":{"line":551,"column":48}},"551":{"start":{"line":552,"column":0},"end":{"line":552,"column":48}},"552":{"start":{"line":553,"column":0},"end":{"line":553,"column":23}},"553":{"start":{"line":554,"column":0},"end":{"line":554,"column":10}},"554":{"start":{"line":555,"column":0},"end":{"line":555,"column":9}},"555":{"start":{"line":556,"column":0},"end":{"line":556,"column":42}},"556":{"start":{"line":557,"column":0},"end":{"line":557,"column":24}},"557":{"start":{"line":558,"column":0},"end":{"line":558,"column":39}},"558":{"start":{"line":559,"column":0},"end":{"line":559,"column":39}},"559":{"start":{"line":560,"column":0},"end":{"line":560,"column":38}},"560":{"start":{"line":561,"column":0},"end":{"line":561,"column":12}},"561":{"start":{"line":562,"column":0},"end":{"line":562,"column":25}},"562":{"start":{"line":563,"column":0},"end":{"line":563,"column":41}},"563":{"start":{"line":564,"column":0},"end":{"line":564,"column":48}},"564":{"start":{"line":565,"column":0},"end":{"line":565,"column":48}},"565":{"start":{"line":566,"column":0},"end":{"line":566,"column":23}},"566":{"start":{"line":567,"column":0},"end":{"line":567,"column":10}},"567":{"start":{"line":568,"column":0},"end":{"line":568,"column":9}},"568":{"start":{"line":569,"column":0},"end":{"line":569,"column":42}},"569":{"start":{"line":570,"column":0},"end":{"line":570,"column":24}},"570":{"start":{"line":571,"column":0},"end":{"line":571,"column":39}},"571":{"start":{"line":572,"column":0},"end":{"line":572,"column":39}},"572":{"start":{"line":573,"column":0},"end":{"line":573,"column":39}},"573":{"start":{"line":574,"column":0},"end":{"line":574,"column":39}},"574":{"start":{"line":575,"column":0},"end":{"line":575,"column":38}},"575":{"start":{"line":576,"column":0},"end":{"line":576,"column":12}},"576":{"start":{"line":577,"column":0},"end":{"line":577,"column":25}},"577":{"start":{"line":578,"column":0},"end":{"line":578,"column":81}},"578":{"start":{"line":579,"column":0},"end":{"line":579,"column":48}},"579":{"start":{"line":580,"column":0},"end":{"line":580,"column":48}},"580":{"start":{"line":581,"column":0},"end":{"line":581,"column":23}},"581":{"start":{"line":582,"column":0},"end":{"line":582,"column":10}},"582":{"start":{"line":583,"column":0},"end":{"line":583,"column":9}},"583":{"start":{"line":584,"column":0},"end":{"line":584,"column":42}},"584":{"start":{"line":585,"column":0},"end":{"line":585,"column":24}},"585":{"start":{"line":586,"column":0},"end":{"line":586,"column":39}},"586":{"start":{"line":587,"column":0},"end":{"line":587,"column":39}},"587":{"start":{"line":588,"column":0},"end":{"line":588,"column":39}},"588":{"start":{"line":589,"column":0},"end":{"line":589,"column":39}},"589":{"start":{"line":590,"column":0},"end":{"line":590,"column":38}},"590":{"start":{"line":591,"column":0},"end":{"line":591,"column":12}},"591":{"start":{"line":592,"column":0},"end":{"line":592,"column":25}},"592":{"start":{"line":593,"column":0},"end":{"line":593,"column":51}},"593":{"start":{"line":594,"column":0},"end":{"line":594,"column":48}},"594":{"start":{"line":595,"column":0},"end":{"line":595,"column":48}},"595":{"start":{"line":596,"column":0},"end":{"line":596,"column":23}},"596":{"start":{"line":597,"column":0},"end":{"line":597,"column":10}},"597":{"start":{"line":598,"column":0},"end":{"line":598,"column":9}},"598":{"start":{"line":599,"column":0},"end":{"line":599,"column":42}},"599":{"start":{"line":600,"column":0},"end":{"line":600,"column":24}},"600":{"start":{"line":601,"column":0},"end":{"line":601,"column":39}},"601":{"start":{"line":602,"column":0},"end":{"line":602,"column":39}},"602":{"start":{"line":603,"column":0},"end":{"line":603,"column":38}},"603":{"start":{"line":604,"column":0},"end":{"line":604,"column":12}},"604":{"start":{"line":605,"column":0},"end":{"line":605,"column":25}},"605":{"start":{"line":606,"column":0},"end":{"line":606,"column":51}},"606":{"start":{"line":607,"column":0},"end":{"line":607,"column":48}},"607":{"start":{"line":608,"column":0},"end":{"line":608,"column":48}},"608":{"start":{"line":609,"column":0},"end":{"line":609,"column":23}},"609":{"start":{"line":610,"column":0},"end":{"line":610,"column":10}},"610":{"start":{"line":611,"column":0},"end":{"line":611,"column":9}},"611":{"start":{"line":612,"column":0},"end":{"line":612,"column":42}},"612":{"start":{"line":613,"column":0},"end":{"line":613,"column":24}},"613":{"start":{"line":614,"column":0},"end":{"line":614,"column":39}},"614":{"start":{"line":615,"column":0},"end":{"line":615,"column":39}},"615":{"start":{"line":616,"column":0},"end":{"line":616,"column":38}},"616":{"start":{"line":617,"column":0},"end":{"line":617,"column":12}},"617":{"start":{"line":618,"column":0},"end":{"line":618,"column":25}},"618":{"start":{"line":619,"column":0},"end":{"line":619,"column":41}},"619":{"start":{"line":620,"column":0},"end":{"line":620,"column":48}},"620":{"start":{"line":621,"column":0},"end":{"line":621,"column":48}},"621":{"start":{"line":622,"column":0},"end":{"line":622,"column":23}},"622":{"start":{"line":623,"column":0},"end":{"line":623,"column":10}},"623":{"start":{"line":624,"column":0},"end":{"line":624,"column":9}},"624":{"start":{"line":625,"column":0},"end":{"line":625,"column":42}},"625":{"start":{"line":626,"column":0},"end":{"line":626,"column":24}},"626":{"start":{"line":627,"column":0},"end":{"line":627,"column":39}},"627":{"start":{"line":628,"column":0},"end":{"line":628,"column":39}},"628":{"start":{"line":629,"column":0},"end":{"line":629,"column":39}},"629":{"start":{"line":630,"column":0},"end":{"line":630,"column":39}},"630":{"start":{"line":631,"column":0},"end":{"line":631,"column":38}},"631":{"start":{"line":632,"column":0},"end":{"line":632,"column":12}},"632":{"start":{"line":633,"column":0},"end":{"line":633,"column":25}},"633":{"start":{"line":634,"column":0},"end":{"line":634,"column":71}},"634":{"start":{"line":635,"column":0},"end":{"line":635,"column":48}},"635":{"start":{"line":636,"column":0},"end":{"line":636,"column":48}},"636":{"start":{"line":637,"column":0},"end":{"line":637,"column":23}},"637":{"start":{"line":638,"column":0},"end":{"line":638,"column":10}},"638":{"start":{"line":639,"column":0},"end":{"line":639,"column":9}},"639":{"start":{"line":640,"column":0},"end":{"line":640,"column":42}},"640":{"start":{"line":641,"column":0},"end":{"line":641,"column":24}},"641":{"start":{"line":642,"column":0},"end":{"line":642,"column":39}},"642":{"start":{"line":643,"column":0},"end":{"line":643,"column":39}},"643":{"start":{"line":644,"column":0},"end":{"line":644,"column":39}},"644":{"start":{"line":645,"column":0},"end":{"line":645,"column":38}},"645":{"start":{"line":646,"column":0},"end":{"line":646,"column":12}},"646":{"start":{"line":647,"column":0},"end":{"line":647,"column":25}},"647":{"start":{"line":648,"column":0},"end":{"line":648,"column":60}},"648":{"start":{"line":649,"column":0},"end":{"line":649,"column":48}},"649":{"start":{"line":650,"column":0},"end":{"line":650,"column":48}},"650":{"start":{"line":651,"column":0},"end":{"line":651,"column":23}},"651":{"start":{"line":652,"column":0},"end":{"line":652,"column":10}},"652":{"start":{"line":653,"column":0},"end":{"line":653,"column":9}},"653":{"start":{"line":654,"column":0},"end":{"line":654,"column":42}},"654":{"start":{"line":655,"column":0},"end":{"line":655,"column":80}},"655":{"start":{"line":656,"column":0},"end":{"line":656,"column":25}},"656":{"start":{"line":657,"column":0},"end":{"line":657,"column":41}},"657":{"start":{"line":658,"column":0},"end":{"line":658,"column":48}},"658":{"start":{"line":659,"column":0},"end":{"line":659,"column":48}},"659":{"start":{"line":660,"column":0},"end":{"line":660,"column":23}},"660":{"start":{"line":661,"column":0},"end":{"line":661,"column":10}},"661":{"start":{"line":662,"column":0},"end":{"line":662,"column":9}},"662":{"start":{"line":663,"column":0},"end":{"line":663,"column":42}},"663":{"start":{"line":664,"column":0},"end":{"line":664,"column":24}},"664":{"start":{"line":665,"column":0},"end":{"line":665,"column":39}},"665":{"start":{"line":666,"column":0},"end":{"line":666,"column":39}},"666":{"start":{"line":667,"column":0},"end":{"line":667,"column":39}},"667":{"start":{"line":668,"column":0},"end":{"line":668,"column":38}},"668":{"start":{"line":669,"column":0},"end":{"line":669,"column":12}},"669":{"start":{"line":670,"column":0},"end":{"line":670,"column":25}},"670":{"start":{"line":671,"column":0},"end":{"line":671,"column":69}},"671":{"start":{"line":672,"column":0},"end":{"line":672,"column":48}},"672":{"start":{"line":673,"column":0},"end":{"line":673,"column":48}},"673":{"start":{"line":674,"column":0},"end":{"line":674,"column":23}},"674":{"start":{"line":675,"column":0},"end":{"line":675,"column":10}},"675":{"start":{"line":676,"column":0},"end":{"line":676,"column":9}},"676":{"start":{"line":677,"column":0},"end":{"line":677,"column":42}},"677":{"start":{"line":678,"column":0},"end":{"line":678,"column":80}},"678":{"start":{"line":679,"column":0},"end":{"line":679,"column":25}},"679":{"start":{"line":680,"column":0},"end":{"line":680,"column":41}},"680":{"start":{"line":681,"column":0},"end":{"line":681,"column":48}},"681":{"start":{"line":682,"column":0},"end":{"line":682,"column":48}},"682":{"start":{"line":683,"column":0},"end":{"line":683,"column":23}},"683":{"start":{"line":684,"column":0},"end":{"line":684,"column":10}},"684":{"start":{"line":685,"column":0},"end":{"line":685,"column":9}},"685":{"start":{"line":686,"column":0},"end":{"line":686,"column":42}},"686":{"start":{"line":687,"column":0},"end":{"line":687,"column":80}},"687":{"start":{"line":688,"column":0},"end":{"line":688,"column":25}},"688":{"start":{"line":689,"column":0},"end":{"line":689,"column":41}},"689":{"start":{"line":690,"column":0},"end":{"line":690,"column":48}},"690":{"start":{"line":691,"column":0},"end":{"line":691,"column":48}},"691":{"start":{"line":692,"column":0},"end":{"line":692,"column":23}},"692":{"start":{"line":693,"column":0},"end":{"line":693,"column":10}},"693":{"start":{"line":694,"column":0},"end":{"line":694,"column":9}},"694":{"start":{"line":695,"column":0},"end":{"line":695,"column":42}},"695":{"start":{"line":696,"column":0},"end":{"line":696,"column":80}},"696":{"start":{"line":697,"column":0},"end":{"line":697,"column":25}},"697":{"start":{"line":698,"column":0},"end":{"line":698,"column":41}},"698":{"start":{"line":699,"column":0},"end":{"line":699,"column":48}},"699":{"start":{"line":700,"column":0},"end":{"line":700,"column":48}},"700":{"start":{"line":701,"column":0},"end":{"line":701,"column":23}},"701":{"start":{"line":702,"column":0},"end":{"line":702,"column":10}},"702":{"start":{"line":703,"column":0},"end":{"line":703,"column":9}},"703":{"start":{"line":704,"column":0},"end":{"line":704,"column":42}},"704":{"start":{"line":705,"column":0},"end":{"line":705,"column":80}},"705":{"start":{"line":706,"column":0},"end":{"line":706,"column":25}},"706":{"start":{"line":707,"column":0},"end":{"line":707,"column":41}},"707":{"start":{"line":708,"column":0},"end":{"line":708,"column":48}},"708":{"start":{"line":709,"column":0},"end":{"line":709,"column":48}},"709":{"start":{"line":710,"column":0},"end":{"line":710,"column":23}},"710":{"start":{"line":711,"column":0},"end":{"line":711,"column":10}},"711":{"start":{"line":712,"column":0},"end":{"line":712,"column":9}},"712":{"start":{"line":713,"column":0},"end":{"line":713,"column":42}},"713":{"start":{"line":714,"column":0},"end":{"line":714,"column":24}},"714":{"start":{"line":715,"column":0},"end":{"line":715,"column":39}},"715":{"start":{"line":716,"column":0},"end":{"line":716,"column":39}},"716":{"start":{"line":717,"column":0},"end":{"line":717,"column":39}},"717":{"start":{"line":718,"column":0},"end":{"line":718,"column":38}},"718":{"start":{"line":719,"column":0},"end":{"line":719,"column":12}},"719":{"start":{"line":720,"column":0},"end":{"line":720,"column":25}},"720":{"start":{"line":721,"column":0},"end":{"line":721,"column":60}},"721":{"start":{"line":722,"column":0},"end":{"line":722,"column":48}},"722":{"start":{"line":723,"column":0},"end":{"line":723,"column":48}},"723":{"start":{"line":724,"column":0},"end":{"line":724,"column":23}},"724":{"start":{"line":725,"column":0},"end":{"line":725,"column":10}},"725":{"start":{"line":726,"column":0},"end":{"line":726,"column":9}},"726":{"start":{"line":727,"column":0},"end":{"line":727,"column":42}},"727":{"start":{"line":728,"column":0},"end":{"line":728,"column":80}},"728":{"start":{"line":729,"column":0},"end":{"line":729,"column":25}},"729":{"start":{"line":730,"column":0},"end":{"line":730,"column":55}},"730":{"start":{"line":731,"column":0},"end":{"line":731,"column":48}},"731":{"start":{"line":732,"column":0},"end":{"line":732,"column":48}},"732":{"start":{"line":733,"column":0},"end":{"line":733,"column":23}},"733":{"start":{"line":734,"column":0},"end":{"line":734,"column":10}},"734":{"start":{"line":735,"column":0},"end":{"line":735,"column":9}},"735":{"start":{"line":736,"column":0},"end":{"line":736,"column":42}},"736":{"start":{"line":737,"column":0},"end":{"line":737,"column":24}},"737":{"start":{"line":738,"column":0},"end":{"line":738,"column":39}},"738":{"start":{"line":739,"column":0},"end":{"line":739,"column":39}},"739":{"start":{"line":740,"column":0},"end":{"line":740,"column":39}},"740":{"start":{"line":741,"column":0},"end":{"line":741,"column":38}},"741":{"start":{"line":742,"column":0},"end":{"line":742,"column":12}},"742":{"start":{"line":743,"column":0},"end":{"line":743,"column":25}},"743":{"start":{"line":744,"column":0},"end":{"line":744,"column":66}},"744":{"start":{"line":745,"column":0},"end":{"line":745,"column":48}},"745":{"start":{"line":746,"column":0},"end":{"line":746,"column":48}},"746":{"start":{"line":747,"column":0},"end":{"line":747,"column":23}},"747":{"start":{"line":748,"column":0},"end":{"line":748,"column":10}},"748":{"start":{"line":749,"column":0},"end":{"line":749,"column":9}},"749":{"start":{"line":750,"column":0},"end":{"line":750,"column":42}},"750":{"start":{"line":751,"column":0},"end":{"line":751,"column":24}},"751":{"start":{"line":752,"column":0},"end":{"line":752,"column":39}},"752":{"start":{"line":753,"column":0},"end":{"line":753,"column":39}},"753":{"start":{"line":754,"column":0},"end":{"line":754,"column":39}},"754":{"start":{"line":755,"column":0},"end":{"line":755,"column":38}},"755":{"start":{"line":756,"column":0},"end":{"line":756,"column":12}},"756":{"start":{"line":757,"column":0},"end":{"line":757,"column":25}},"757":{"start":{"line":758,"column":0},"end":{"line":758,"column":58}},"758":{"start":{"line":759,"column":0},"end":{"line":759,"column":48}},"759":{"start":{"line":760,"column":0},"end":{"line":760,"column":48}},"760":{"start":{"line":761,"column":0},"end":{"line":761,"column":23}},"761":{"start":{"line":762,"column":0},"end":{"line":762,"column":10}},"762":{"start":{"line":763,"column":0},"end":{"line":763,"column":9}},"763":{"start":{"line":764,"column":0},"end":{"line":764,"column":42}},"764":{"start":{"line":765,"column":0},"end":{"line":765,"column":24}},"765":{"start":{"line":766,"column":0},"end":{"line":766,"column":39}},"766":{"start":{"line":767,"column":0},"end":{"line":767,"column":39}},"767":{"start":{"line":768,"column":0},"end":{"line":768,"column":39}},"768":{"start":{"line":769,"column":0},"end":{"line":769,"column":38}},"769":{"start":{"line":770,"column":0},"end":{"line":770,"column":12}},"770":{"start":{"line":771,"column":0},"end":{"line":771,"column":25}},"771":{"start":{"line":772,"column":0},"end":{"line":772,"column":58}},"772":{"start":{"line":773,"column":0},"end":{"line":773,"column":48}},"773":{"start":{"line":774,"column":0},"end":{"line":774,"column":48}},"774":{"start":{"line":775,"column":0},"end":{"line":775,"column":23}},"775":{"start":{"line":776,"column":0},"end":{"line":776,"column":10}},"776":{"start":{"line":777,"column":0},"end":{"line":777,"column":9}},"777":{"start":{"line":778,"column":0},"end":{"line":778,"column":42}},"778":{"start":{"line":779,"column":0},"end":{"line":779,"column":24}},"779":{"start":{"line":780,"column":0},"end":{"line":780,"column":39}},"780":{"start":{"line":781,"column":0},"end":{"line":781,"column":39}},"781":{"start":{"line":782,"column":0},"end":{"line":782,"column":39}},"782":{"start":{"line":783,"column":0},"end":{"line":783,"column":38}},"783":{"start":{"line":784,"column":0},"end":{"line":784,"column":12}},"784":{"start":{"line":785,"column":0},"end":{"line":785,"column":25}},"785":{"start":{"line":786,"column":0},"end":{"line":786,"column":67}},"786":{"start":{"line":787,"column":0},"end":{"line":787,"column":48}},"787":{"start":{"line":788,"column":0},"end":{"line":788,"column":48}},"788":{"start":{"line":789,"column":0},"end":{"line":789,"column":23}},"789":{"start":{"line":790,"column":0},"end":{"line":790,"column":10}},"790":{"start":{"line":791,"column":0},"end":{"line":791,"column":9}},"791":{"start":{"line":792,"column":0},"end":{"line":792,"column":42}},"792":{"start":{"line":793,"column":0},"end":{"line":793,"column":24}},"793":{"start":{"line":794,"column":0},"end":{"line":794,"column":39}},"794":{"start":{"line":795,"column":0},"end":{"line":795,"column":39}},"795":{"start":{"line":796,"column":0},"end":{"line":796,"column":39}},"796":{"start":{"line":797,"column":0},"end":{"line":797,"column":39}},"797":{"start":{"line":798,"column":0},"end":{"line":798,"column":38}},"798":{"start":{"line":799,"column":0},"end":{"line":799,"column":12}},"799":{"start":{"line":800,"column":0},"end":{"line":800,"column":25}},"800":{"start":{"line":801,"column":0},"end":{"line":801,"column":67}},"801":{"start":{"line":802,"column":0},"end":{"line":802,"column":48}},"802":{"start":{"line":803,"column":0},"end":{"line":803,"column":48}},"803":{"start":{"line":804,"column":0},"end":{"line":804,"column":23}},"804":{"start":{"line":805,"column":0},"end":{"line":805,"column":10}},"805":{"start":{"line":806,"column":0},"end":{"line":806,"column":9}},"806":{"start":{"line":807,"column":0},"end":{"line":807,"column":42}},"807":{"start":{"line":808,"column":0},"end":{"line":808,"column":24}},"808":{"start":{"line":809,"column":0},"end":{"line":809,"column":39}},"809":{"start":{"line":810,"column":0},"end":{"line":810,"column":39}},"810":{"start":{"line":811,"column":0},"end":{"line":811,"column":38}},"811":{"start":{"line":812,"column":0},"end":{"line":812,"column":12}},"812":{"start":{"line":813,"column":0},"end":{"line":813,"column":25}},"813":{"start":{"line":814,"column":0},"end":{"line":814,"column":56}},"814":{"start":{"line":815,"column":0},"end":{"line":815,"column":48}},"815":{"start":{"line":816,"column":0},"end":{"line":816,"column":48}},"816":{"start":{"line":817,"column":0},"end":{"line":817,"column":23}},"817":{"start":{"line":818,"column":0},"end":{"line":818,"column":10}},"818":{"start":{"line":819,"column":0},"end":{"line":819,"column":9}},"819":{"start":{"line":820,"column":0},"end":{"line":820,"column":42}},"820":{"start":{"line":821,"column":0},"end":{"line":821,"column":24}},"821":{"start":{"line":822,"column":0},"end":{"line":822,"column":39}},"822":{"start":{"line":823,"column":0},"end":{"line":823,"column":39}},"823":{"start":{"line":824,"column":0},"end":{"line":824,"column":39}},"824":{"start":{"line":825,"column":0},"end":{"line":825,"column":39}},"825":{"start":{"line":826,"column":0},"end":{"line":826,"column":39}},"826":{"start":{"line":827,"column":0},"end":{"line":827,"column":39}},"827":{"start":{"line":828,"column":0},"end":{"line":828,"column":39}},"828":{"start":{"line":829,"column":0},"end":{"line":829,"column":39}},"829":{"start":{"line":830,"column":0},"end":{"line":830,"column":39}},"830":{"start":{"line":831,"column":0},"end":{"line":831,"column":39}},"831":{"start":{"line":832,"column":0},"end":{"line":832,"column":39}},"832":{"start":{"line":833,"column":0},"end":{"line":833,"column":39}},"833":{"start":{"line":834,"column":0},"end":{"line":834,"column":39}},"834":{"start":{"line":835,"column":0},"end":{"line":835,"column":39}},"835":{"start":{"line":836,"column":0},"end":{"line":836,"column":38}},"836":{"start":{"line":837,"column":0},"end":{"line":837,"column":12}},"837":{"start":{"line":838,"column":0},"end":{"line":838,"column":25}},"838":{"start":{"line":839,"column":0},"end":{"line":839,"column":211}},"839":{"start":{"line":840,"column":0},"end":{"line":840,"column":48}},"840":{"start":{"line":841,"column":0},"end":{"line":841,"column":48}},"841":{"start":{"line":842,"column":0},"end":{"line":842,"column":23}},"842":{"start":{"line":843,"column":0},"end":{"line":843,"column":10}},"843":{"start":{"line":844,"column":0},"end":{"line":844,"column":9}},"844":{"start":{"line":845,"column":0},"end":{"line":845,"column":42}},"845":{"start":{"line":846,"column":0},"end":{"line":846,"column":24}},"846":{"start":{"line":847,"column":0},"end":{"line":847,"column":39}},"847":{"start":{"line":848,"column":0},"end":{"line":848,"column":39}},"848":{"start":{"line":849,"column":0},"end":{"line":849,"column":39}},"849":{"start":{"line":850,"column":0},"end":{"line":850,"column":38}},"850":{"start":{"line":851,"column":0},"end":{"line":851,"column":12}},"851":{"start":{"line":852,"column":0},"end":{"line":852,"column":25}},"852":{"start":{"line":853,"column":0},"end":{"line":853,"column":61}},"853":{"start":{"line":854,"column":0},"end":{"line":854,"column":48}},"854":{"start":{"line":855,"column":0},"end":{"line":855,"column":48}},"855":{"start":{"line":856,"column":0},"end":{"line":856,"column":23}},"856":{"start":{"line":857,"column":0},"end":{"line":857,"column":10}},"857":{"start":{"line":858,"column":0},"end":{"line":858,"column":9}},"858":{"start":{"line":859,"column":0},"end":{"line":859,"column":42}},"859":{"start":{"line":860,"column":0},"end":{"line":860,"column":80}},"860":{"start":{"line":861,"column":0},"end":{"line":861,"column":25}},"861":{"start":{"line":862,"column":0},"end":{"line":862,"column":50}},"862":{"start":{"line":863,"column":0},"end":{"line":863,"column":48}},"863":{"start":{"line":864,"column":0},"end":{"line":864,"column":48}},"864":{"start":{"line":865,"column":0},"end":{"line":865,"column":23}},"865":{"start":{"line":866,"column":0},"end":{"line":866,"column":10}},"866":{"start":{"line":867,"column":0},"end":{"line":867,"column":9}},"867":{"start":{"line":868,"column":0},"end":{"line":868,"column":42}},"868":{"start":{"line":869,"column":0},"end":{"line":869,"column":24}},"869":{"start":{"line":870,"column":0},"end":{"line":870,"column":39}},"870":{"start":{"line":871,"column":0},"end":{"line":871,"column":39}},"871":{"start":{"line":872,"column":0},"end":{"line":872,"column":39}},"872":{"start":{"line":873,"column":0},"end":{"line":873,"column":39}},"873":{"start":{"line":874,"column":0},"end":{"line":874,"column":39}},"874":{"start":{"line":875,"column":0},"end":{"line":875,"column":39}},"875":{"start":{"line":876,"column":0},"end":{"line":876,"column":39}},"876":{"start":{"line":877,"column":0},"end":{"line":877,"column":39}},"877":{"start":{"line":878,"column":0},"end":{"line":878,"column":39}},"878":{"start":{"line":879,"column":0},"end":{"line":879,"column":39}},"879":{"start":{"line":880,"column":0},"end":{"line":880,"column":39}},"880":{"start":{"line":881,"column":0},"end":{"line":881,"column":39}},"881":{"start":{"line":882,"column":0},"end":{"line":882,"column":39}},"882":{"start":{"line":883,"column":0},"end":{"line":883,"column":39}},"883":{"start":{"line":884,"column":0},"end":{"line":884,"column":39}},"884":{"start":{"line":885,"column":0},"end":{"line":885,"column":38}},"885":{"start":{"line":886,"column":0},"end":{"line":886,"column":12}},"886":{"start":{"line":887,"column":0},"end":{"line":887,"column":25}},"887":{"start":{"line":888,"column":0},"end":{"line":888,"column":216}},"888":{"start":{"line":889,"column":0},"end":{"line":889,"column":48}},"889":{"start":{"line":890,"column":0},"end":{"line":890,"column":48}},"890":{"start":{"line":891,"column":0},"end":{"line":891,"column":23}},"891":{"start":{"line":892,"column":0},"end":{"line":892,"column":10}},"892":{"start":{"line":893,"column":0},"end":{"line":893,"column":9}},"893":{"start":{"line":894,"column":0},"end":{"line":894,"column":42}},"894":{"start":{"line":895,"column":0},"end":{"line":895,"column":24}},"895":{"start":{"line":896,"column":0},"end":{"line":896,"column":39}},"896":{"start":{"line":897,"column":0},"end":{"line":897,"column":39}},"897":{"start":{"line":898,"column":0},"end":{"line":898,"column":39}},"898":{"start":{"line":899,"column":0},"end":{"line":899,"column":38}},"899":{"start":{"line":900,"column":0},"end":{"line":900,"column":12}},"900":{"start":{"line":901,"column":0},"end":{"line":901,"column":25}},"901":{"start":{"line":902,"column":0},"end":{"line":902,"column":60}},"902":{"start":{"line":903,"column":0},"end":{"line":903,"column":48}},"903":{"start":{"line":904,"column":0},"end":{"line":904,"column":48}},"904":{"start":{"line":905,"column":0},"end":{"line":905,"column":23}},"905":{"start":{"line":906,"column":0},"end":{"line":906,"column":9}},"906":{"start":{"line":907,"column":0},"end":{"line":907,"column":8}},"907":{"start":{"line":908,"column":0},"end":{"line":908,"column":19}},"908":{"start":{"line":909,"column":0},"end":{"line":909,"column":20}},"909":{"start":{"line":910,"column":0},"end":{"line":910,"column":6}},"910":{"start":{"line":911,"column":0},"end":{"line":911,"column":4}},"911":{"start":{"line":912,"column":0},"end":{"line":912,"column":33}},"912":{"start":{"line":913,"column":0},"end":{"line":913,"column":23}},"913":{"start":{"line":914,"column":0},"end":{"line":914,"column":20}},"914":{"start":{"line":915,"column":0},"end":{"line":915,"column":15}},"915":{"start":{"line":916,"column":0},"end":{"line":916,"column":9}},"916":{"start":{"line":917,"column":0},"end":{"line":917,"column":42}},"917":{"start":{"line":918,"column":0},"end":{"line":918,"column":24}},"918":{"start":{"line":919,"column":0},"end":{"line":919,"column":39}},"919":{"start":{"line":920,"column":0},"end":{"line":920,"column":39}},"920":{"start":{"line":921,"column":0},"end":{"line":921,"column":39}},"921":{"start":{"line":922,"column":0},"end":{"line":922,"column":38}},"922":{"start":{"line":923,"column":0},"end":{"line":923,"column":12}},"923":{"start":{"line":924,"column":0},"end":{"line":924,"column":25}},"924":{"start":{"line":925,"column":0},"end":{"line":925,"column":80}},"925":{"start":{"line":926,"column":0},"end":{"line":926,"column":48}},"926":{"start":{"line":927,"column":0},"end":{"line":927,"column":48}},"927":{"start":{"line":928,"column":0},"end":{"line":928,"column":23}},"928":{"start":{"line":929,"column":0},"end":{"line":929,"column":10}},"929":{"start":{"line":930,"column":0},"end":{"line":930,"column":9}},"930":{"start":{"line":931,"column":0},"end":{"line":931,"column":42}},"931":{"start":{"line":932,"column":0},"end":{"line":932,"column":24}},"932":{"start":{"line":933,"column":0},"end":{"line":933,"column":39}},"933":{"start":{"line":934,"column":0},"end":{"line":934,"column":39}},"934":{"start":{"line":935,"column":0},"end":{"line":935,"column":39}},"935":{"start":{"line":936,"column":0},"end":{"line":936,"column":39}},"936":{"start":{"line":937,"column":0},"end":{"line":937,"column":38}},"937":{"start":{"line":938,"column":0},"end":{"line":938,"column":12}},"938":{"start":{"line":939,"column":0},"end":{"line":939,"column":25}},"939":{"start":{"line":940,"column":0},"end":{"line":940,"column":95}},"940":{"start":{"line":941,"column":0},"end":{"line":941,"column":48}},"941":{"start":{"line":942,"column":0},"end":{"line":942,"column":48}},"942":{"start":{"line":943,"column":0},"end":{"line":943,"column":23}},"943":{"start":{"line":944,"column":0},"end":{"line":944,"column":10}},"944":{"start":{"line":945,"column":0},"end":{"line":945,"column":9}},"945":{"start":{"line":946,"column":0},"end":{"line":946,"column":42}},"946":{"start":{"line":947,"column":0},"end":{"line":947,"column":80}},"947":{"start":{"line":948,"column":0},"end":{"line":948,"column":25}},"948":{"start":{"line":949,"column":0},"end":{"line":949,"column":51}},"949":{"start":{"line":950,"column":0},"end":{"line":950,"column":48}},"950":{"start":{"line":951,"column":0},"end":{"line":951,"column":48}},"951":{"start":{"line":952,"column":0},"end":{"line":952,"column":23}},"952":{"start":{"line":953,"column":0},"end":{"line":953,"column":10}},"953":{"start":{"line":954,"column":0},"end":{"line":954,"column":9}},"954":{"start":{"line":955,"column":0},"end":{"line":955,"column":42}},"955":{"start":{"line":956,"column":0},"end":{"line":956,"column":80}},"956":{"start":{"line":957,"column":0},"end":{"line":957,"column":25}},"957":{"start":{"line":958,"column":0},"end":{"line":958,"column":50}},"958":{"start":{"line":959,"column":0},"end":{"line":959,"column":48}},"959":{"start":{"line":960,"column":0},"end":{"line":960,"column":48}},"960":{"start":{"line":961,"column":0},"end":{"line":961,"column":23}},"961":{"start":{"line":962,"column":0},"end":{"line":962,"column":10}},"962":{"start":{"line":963,"column":0},"end":{"line":963,"column":9}},"963":{"start":{"line":964,"column":0},"end":{"line":964,"column":42}},"964":{"start":{"line":965,"column":0},"end":{"line":965,"column":80}},"965":{"start":{"line":966,"column":0},"end":{"line":966,"column":25}},"966":{"start":{"line":967,"column":0},"end":{"line":967,"column":50}},"967":{"start":{"line":968,"column":0},"end":{"line":968,"column":48}},"968":{"start":{"line":969,"column":0},"end":{"line":969,"column":48}},"969":{"start":{"line":970,"column":0},"end":{"line":970,"column":23}},"970":{"start":{"line":971,"column":0},"end":{"line":971,"column":10}},"971":{"start":{"line":972,"column":0},"end":{"line":972,"column":9}},"972":{"start":{"line":973,"column":0},"end":{"line":973,"column":42}},"973":{"start":{"line":974,"column":0},"end":{"line":974,"column":80}},"974":{"start":{"line":975,"column":0},"end":{"line":975,"column":25}},"975":{"start":{"line":976,"column":0},"end":{"line":976,"column":55}},"976":{"start":{"line":977,"column":0},"end":{"line":977,"column":48}},"977":{"start":{"line":978,"column":0},"end":{"line":978,"column":48}},"978":{"start":{"line":979,"column":0},"end":{"line":979,"column":23}},"979":{"start":{"line":980,"column":0},"end":{"line":980,"column":9}},"980":{"start":{"line":981,"column":0},"end":{"line":981,"column":8}},"981":{"start":{"line":982,"column":0},"end":{"line":982,"column":19}},"982":{"start":{"line":983,"column":0},"end":{"line":983,"column":20}},"983":{"start":{"line":984,"column":0},"end":{"line":984,"column":6}},"984":{"start":{"line":985,"column":0},"end":{"line":985,"column":4}},"985":{"start":{"line":986,"column":0},"end":{"line":986,"column":39}},"986":{"start":{"line":987,"column":0},"end":{"line":987,"column":23}},"987":{"start":{"line":988,"column":0},"end":{"line":988,"column":20}},"988":{"start":{"line":989,"column":0},"end":{"line":989,"column":15}},"989":{"start":{"line":990,"column":0},"end":{"line":990,"column":9}},"990":{"start":{"line":991,"column":0},"end":{"line":991,"column":42}},"991":{"start":{"line":992,"column":0},"end":{"line":992,"column":80}},"992":{"start":{"line":993,"column":0},"end":{"line":993,"column":44}},"993":{"start":{"line":994,"column":0},"end":{"line":994,"column":25}},"994":{"start":{"line":995,"column":0},"end":{"line":995,"column":55}},"995":{"start":{"line":996,"column":0},"end":{"line":996,"column":48}},"996":{"start":{"line":997,"column":0},"end":{"line":997,"column":48}},"997":{"start":{"line":998,"column":0},"end":{"line":998,"column":24}},"998":{"start":{"line":999,"column":0},"end":{"line":999,"column":16}},"999":{"start":{"line":1000,"column":0},"end":{"line":1000,"column":9}},"1000":{"start":{"line":1001,"column":0},"end":{"line":1001,"column":7}},"1001":{"start":{"line":1002,"column":0},"end":{"line":1002,"column":6}},"1002":{"start":{"line":1003,"column":0},"end":{"line":1003,"column":4}},"1003":{"start":{"line":1004,"column":0},"end":{"line":1004,"column":34}},"1004":{"start":{"line":1005,"column":0},"end":{"line":1005,"column":23}},"1005":{"start":{"line":1006,"column":0},"end":{"line":1006,"column":20}},"1006":{"start":{"line":1007,"column":0},"end":{"line":1007,"column":51}},"1007":{"start":{"line":1008,"column":0},"end":{"line":1008,"column":14}},"1008":{"start":{"line":1009,"column":0},"end":{"line":1009,"column":22}},"1009":{"start":{"line":1010,"column":0},"end":{"line":1010,"column":11}},"1010":{"start":{"line":1011,"column":0},"end":{"line":1011,"column":44}},"1011":{"start":{"line":1012,"column":0},"end":{"line":1012,"column":47}},"1012":{"start":{"line":1013,"column":0},"end":{"line":1013,"column":24}},"1013":{"start":{"line":1014,"column":0},"end":{"line":1014,"column":25}},"1014":{"start":{"line":1015,"column":0},"end":{"line":1015,"column":20}},"1015":{"start":{"line":1016,"column":0},"end":{"line":1016,"column":30}},"1016":{"start":{"line":1017,"column":0},"end":{"line":1017,"column":26}},"1017":{"start":{"line":1018,"column":0},"end":{"line":1018,"column":23}},"1018":{"start":{"line":1019,"column":0},"end":{"line":1019,"column":70}},"1019":{"start":{"line":1020,"column":0},"end":{"line":1020,"column":25}},"1020":{"start":{"line":1021,"column":0},"end":{"line":1021,"column":72}},"1021":{"start":{"line":1022,"column":0},"end":{"line":1022,"column":24}},"1022":{"start":{"line":1023,"column":0},"end":{"line":1023,"column":71}},"1023":{"start":{"line":1024,"column":0},"end":{"line":1024,"column":18}},"1024":{"start":{"line":1025,"column":0},"end":{"line":1025,"column":12}},"1025":{"start":{"line":1026,"column":0},"end":{"line":1026,"column":11}},"1026":{"start":{"line":1027,"column":0},"end":{"line":1027,"column":44}},"1027":{"start":{"line":1028,"column":0},"end":{"line":1028,"column":59}},"1028":{"start":{"line":1029,"column":0},"end":{"line":1029,"column":25}},"1029":{"start":{"line":1030,"column":0},"end":{"line":1030,"column":25}},"1030":{"start":{"line":1031,"column":0},"end":{"line":1031,"column":20}},"1031":{"start":{"line":1032,"column":0},"end":{"line":1032,"column":30}},"1032":{"start":{"line":1033,"column":0},"end":{"line":1033,"column":26}},"1033":{"start":{"line":1034,"column":0},"end":{"line":1034,"column":23}},"1034":{"start":{"line":1035,"column":0},"end":{"line":1035,"column":71}},"1035":{"start":{"line":1036,"column":0},"end":{"line":1036,"column":25}},"1036":{"start":{"line":1037,"column":0},"end":{"line":1037,"column":73}},"1037":{"start":{"line":1038,"column":0},"end":{"line":1038,"column":24}},"1038":{"start":{"line":1039,"column":0},"end":{"line":1039,"column":72}},"1039":{"start":{"line":1040,"column":0},"end":{"line":1040,"column":18}},"1040":{"start":{"line":1041,"column":0},"end":{"line":1041,"column":11}},"1041":{"start":{"line":1042,"column":0},"end":{"line":1042,"column":10}},"1042":{"start":{"line":1043,"column":0},"end":{"line":1043,"column":40}},"1043":{"start":{"line":1044,"column":0},"end":{"line":1044,"column":16}},"1044":{"start":{"line":1045,"column":0},"end":{"line":1045,"column":27}},"1045":{"start":{"line":1046,"column":0},"end":{"line":1046,"column":34}},"1046":{"start":{"line":1047,"column":0},"end":{"line":1047,"column":48}},"1047":{"start":{"line":1048,"column":0},"end":{"line":1048,"column":47}},"1048":{"start":{"line":1049,"column":0},"end":{"line":1049,"column":10}},"1049":{"start":{"line":1050,"column":0},"end":{"line":1050,"column":23}},"1050":{"start":{"line":1051,"column":0},"end":{"line":1051,"column":53}},"1051":{"start":{"line":1052,"column":0},"end":{"line":1052,"column":46}},"1052":{"start":{"line":1053,"column":0},"end":{"line":1053,"column":46}},"1053":{"start":{"line":1054,"column":0},"end":{"line":1054,"column":22}},"1054":{"start":{"line":1055,"column":0},"end":{"line":1055,"column":19}},"1055":{"start":{"line":1056,"column":0},"end":{"line":1056,"column":7}},"1056":{"start":{"line":1057,"column":0},"end":{"line":1057,"column":6}},"1057":{"start":{"line":1058,"column":0},"end":{"line":1058,"column":4}},"1058":{"start":{"line":1059,"column":0},"end":{"line":1059,"column":36}},"1059":{"start":{"line":1060,"column":0},"end":{"line":1060,"column":23}},"1060":{"start":{"line":1061,"column":0},"end":{"line":1061,"column":20}},"1061":{"start":{"line":1062,"column":0},"end":{"line":1062,"column":13}},"1062":{"start":{"line":1063,"column":0},"end":{"line":1063,"column":32}},"1063":{"start":{"line":1064,"column":0},"end":{"line":1064,"column":24}},"1064":{"start":{"line":1065,"column":0},"end":{"line":1065,"column":7}},"1065":{"start":{"line":1066,"column":0},"end":{"line":1066,"column":6}},"1066":{"start":{"line":1067,"column":0},"end":{"line":1067,"column":4}},"1067":{"start":{"line":1068,"column":0},"end":{"line":1068,"column":39}},"1068":{"start":{"line":1069,"column":0},"end":{"line":1069,"column":23}},"1069":{"start":{"line":1070,"column":0},"end":{"line":1070,"column":20}},"1070":{"start":{"line":1071,"column":0},"end":{"line":1071,"column":34}},"1071":{"start":{"line":1072,"column":0},"end":{"line":1072,"column":6}},"1072":{"start":{"line":1073,"column":0},"end":{"line":1073,"column":3}},"1073":{"start":{"line":1074,"column":0},"end":{"line":1074,"column":2}},"1074":{"start":{"line":1075,"column":0},"end":{"line":1075,"column":0}},"1075":{"start":{"line":1076,"column":0},"end":{"line":1076,"column":33}},"1076":{"start":{"line":1077,"column":0},"end":{"line":1077,"column":38}},"1077":{"start":{"line":1078,"column":0},"end":{"line":1078,"column":33}},"1078":{"start":{"line":1079,"column":0},"end":{"line":1079,"column":17}},"1079":{"start":{"line":1080,"column":0},"end":{"line":1080,"column":6}},"1080":{"start":{"line":1081,"column":0},"end":{"line":1081,"column":4}},"1081":{"start":{"line":1082,"column":0},"end":{"line":1082,"column":34}},"1082":{"start":{"line":1083,"column":0},"end":{"line":1083,"column":33}},"1083":{"start":{"line":1084,"column":0},"end":{"line":1084,"column":17}},"1084":{"start":{"line":1085,"column":0},"end":{"line":1085,"column":7}},"1085":{"start":{"line":1086,"column":0},"end":{"line":1086,"column":4}},"1086":{"start":{"line":1087,"column":0},"end":{"line":1087,"column":36}},"1087":{"start":{"line":1088,"column":0},"end":{"line":1088,"column":33}},"1088":{"start":{"line":1089,"column":0},"end":{"line":1089,"column":17}},"1089":{"start":{"line":1090,"column":0},"end":{"line":1090,"column":6}},"1090":{"start":{"line":1091,"column":0},"end":{"line":1091,"column":3}},"1091":{"start":{"line":1092,"column":0},"end":{"line":1092,"column":2}}},"s":{"0":1,"1":1,"2":1,"3":1,"4":1,"5":1,"6":1,"7":1,"8":1,"9":1,"10":1,"11":1,"12":1,"13":1,"14":1,"15":1,"16":1,"17":1,"18":1,"19":1,"20":1,"21":1,"22":1,"23":1,"24":1,"25":1,"26":1,"27":1,"28":1,"29":1,"30":1,"31":1,"32":1,"33":1,"34":1,"35":1,"36":1,"37":1,"38":1,"39":1,"40":1,"41":1,"42":1,"43":1,"44":1,"45":1,"46":1,"47":1,"48":1,"49":1,"50":1,"51":1,"52":1,"53":1,"54":1,"55":1,"56":1,"57":1,"58":1,"59":1,"60":1,"61":1,"62":1,"63":1,"64":1,"65":1,"66":1,"67":1,"68":1,"69":1,"70":1,"71":1,"72":1,"73":1,"74":1,"75":1,"76":1,"77":1,"78":1,"79":1,"80":1,"81":1,"82":1,"83":1,"84":1,"85":1,"86":1,"87":1,"88":1,"89":1,"90":1,"91":1,"92":1,"93":1,"94":1,"95":1,"96":1,"97":1,"98":1,"99":1,"100":1,"101":1,"102":1,"103":1,"104":1,"105":1,"106":1,"107":1,"108":1,"109":1,"110":1,"111":1,"112":1,"113":1,"114":1,"115":1,"116":1,"117":1,"118":1,"119":1,"120":1,"121":1,"122":1,"123":1,"124":1,"125":1,"126":1,"127":1,"128":1,"129":1,"130":1,"131":1,"132":1,"133":1,"134":1,"135":1,"136":1,"137":1,"138":1,"139":1,"140":1,"141":1,"142":1,"143":1,"144":1,"145":1,"146":1,"147":1,"148":1,"149":1,"150":1,"151":1,"152":1,"153":1,"154":1,"155":1,"156":1,"157":1,"158":1,"159":1,"160":1,"161":1,"162":1,"163":1,"164":1,"165":1,"166":1,"167":1,"168":1,"169":1,"170":1,"171":1,"172":1,"173":1,"174":1,"175":1,"176":1,"177":1,"178":1,"179":1,"180":1,"181":1,"182":1,"183":1,"184":1,"185":1,"186":1,"187":1,"188":1,"189":1,"190":1,"191":1,"192":1,"193":1,"194":1,"195":1,"196":1,"197":1,"198":1,"199":1,"200":1,"201":1,"202":1,"203":1,"204":1,"205":1,"206":1,"207":1,"208":1,"209":1,"210":1,"211":1,"212":1,"213":1,"214":1,"215":1,"216":1,"217":1,"218":1,"219":1,"220":1,"221":1,"222":1,"223":1,"224":1,"225":1,"226":1,"227":1,"228":1,"229":1,"230":1,"231":1,"232":1,"233":1,"234":1,"235":1,"236":1,"237":1,"238":1,"239":1,"240":1,"241":1,"242":1,"243":1,"244":1,"245":1,"246":1,"247":1,"248":1,"249":1,"250":1,"251":1,"252":1,"253":1,"254":1,"255":1,"256":1,"257":1,"258":1,"259":1,"260":1,"261":1,"262":1,"263":1,"264":1,"265":1,"266":1,"267":1,"268":1,"269":1,"270":1,"271":1,"272":1,"273":1,"274":1,"275":1,"276":1,"277":1,"278":1,"279":1,"280":1,"281":1,"282":1,"283":1,"284":1,"285":1,"286":1,"287":1,"288":1,"289":1,"290":1,"291":1,"292":1,"293":1,"294":1,"295":1,"296":1,"297":1,"298":1,"299":1,"300":1,"301":1,"302":1,"303":1,"304":1,"305":1,"306":1,"307":1,"308":1,"309":1,"310":1,"311":1,"312":1,"313":1,"314":1,"315":1,"316":1,"317":1,"318":1,"319":1,"320":1,"321":1,"322":1,"
[...]
e":184,"column":6}},"184":{"start":{"line":185,"column":0},"end":{"line":185,"column":30}},"185":{"start":{"line":186,"column":0},"end":{"line":186,"column":4}},"186":{"start":{"line":187,"column":0},"end":{"line":187,"column":59}},"187":{"start":{"line":188,"column":0},"end":{"line":188,"column":21}},"188":{"start":{"line":189,"column":0},"end":{"line":189,"column":37}},"189":{"start":{"line":190,"column":0},"end":{"line":190,"column":34}},"190":{"start":{"line":191,"column":0},"end":{"line":191,"column":7}},"191":{"start":{"line":192,"column":0},"end":{"line":192,"column":0}},"192":{"start":{"line":193,"column":0},"end":{"line":193,"column":78}},"193":{"start":{"line":194,"column":0},"end":{"line":194,"column":40}},"194":{"start":{"line":195,"column":0},"end":{"line":195,"column":19}},"195":{"start":{"line":196,"column":0},"end":{"line":196,"column":14}},"196":{"start":{"line":197,"column":0},"end":{"line":197,"column":54}},"197":{"start":{"line":198,"column":0},"end":{"line":198,"column":6}},"198":{"start":{"line":199,"column":0},"end":{"line":199,"column":30}},"199":{"start":{"line":200,"column":0},"end":{"line":200,"column":4}},"200":{"start":{"line":201,"column":0},"end":{"line":201,"column":59}},"201":{"start":{"line":202,"column":0},"end":{"line":202,"column":21}},"202":{"start":{"line":203,"column":0},"end":{"line":203,"column":37}},"203":{"start":{"line":204,"column":0},"end":{"line":204,"column":34}},"204":{"start":{"line":205,"column":0},"end":{"line":205,"column":7}},"205":{"start":{"line":206,"column":0},"end":{"line":206,"column":0}},"206":{"start":{"line":207,"column":0},"end":{"line":207,"column":54}},"207":{"start":{"line":208,"column":0},"end":{"line":208,"column":0}},"208":{"start":{"line":209,"column":0},"end":{"line":209,"column":31}},"209":{"start":{"line":210,"column":0},"end":{"line":210,"column":55}},"210":{"start":{"line":211,"column":0},"end":{"line":211,"column":14}},"211":{"start":{"line":212,"column":0},"end":{"line":212,"column":45}},"212":{"start":{"line":213,"column":0},"end":{"line":213,"column":20}},"213":{"start":{"line":214,"column":0},"end":{"line":214,"column":5}},"214":{"start":{"line":215,"column":0},"end":{"line":215,"column":0}},"215":{"start":{"line":216,"column":0},"end":{"line":216,"column":62}},"216":{"start":{"line":217,"column":0},"end":{"line":217,"column":55}},"217":{"start":{"line":218,"column":0},"end":{"line":218,"column":20}},"218":{"start":{"line":219,"column":0},"end":{"line":219,"column":14}},"219":{"start":{"line":220,"column":0},"end":{"line":220,"column":55}},"220":{"start":{"line":221,"column":0},"end":{"line":221,"column":45}},"221":{"start":{"line":222,"column":0},"end":{"line":222,"column":21}},"222":{"start":{"line":223,"column":0},"end":{"line":223,"column":30}},"223":{"start":{"line":224,"column":0},"end":{"line":224,"column":5}},"224":{"start":{"line":225,"column":0},"end":{"line":225,"column":0}},"225":{"start":{"line":226,"column":0},"end":{"line":226,"column":30}},"226":{"start":{"line":227,"column":0},"end":{"line":227,"column":31}},"227":{"start":{"line":228,"column":0},"end":{"line":228,"column":19}},"228":{"start":{"line":229,"column":0},"end":{"line":229,"column":14}},"229":{"start":{"line":230,"column":0},"end":{"line":230,"column":54}},"230":{"start":{"line":231,"column":0},"end":{"line":231,"column":6}},"231":{"start":{"line":232,"column":0},"end":{"line":232,"column":26}},"232":{"start":{"line":233,"column":0},"end":{"line":233,"column":49}},"233":{"start":{"line":234,"column":0},"end":{"line":234,"column":6}},"234":{"start":{"line":235,"column":0},"end":{"line":235,"column":60}}},"s":{"0":1,"1":1,"2":1,"3":1,"4":1,"5":1,"6":4,"7":1,"8":1,"9":1,"10":1,"11":1,"12":1,"13":1,"14":1,"15":1,"16":1,"17":1,"18":0,"19":0,"20":0,"21":0,"22":0,"23":0,"24":0,"25":0,"26":0,"27":0,"28":0,"29":0,"30":0,"31":0,"32":0,"33":0,"34":0,"35":0,"36":1,"37":1,"38":3,"39":3,"40":3,"41":3,"42":3,"43":3,"44":3,"45":3,"46":0,"47":3,"48":3,"49":3,"50":3,"51":3,"52":3,"53":3,"54":3,"55":3,"56":3,"57":3,"58":1,"59":1,"60":1,"61":1,"62":1,"63":1,"64":1,"65":1,"66":1,"67":1,"68":1,"69":1,"70":1,"71":1,"72":1,"73":1,"74":2,"75":2,"76":2,"77":1,"78":0,"79":2,"80":1,"81":1,"82":1,"83":1,"84":1,"85":1,"86":0,"87":1,"88":1,"89":1,"90":1,"91":1,"92":1,"93":1,"94":1,"95":1,"96":1,"97":1,"98":0,"99":1,"100":1,"101":1,"102":1,"103":1,"104":1,"105":1,"106":1,"107":2,"108":2,"109":2,"110":2,"111":2,"112":2,"113":2,"114":2,"115":2,"116":2,"117":1,"118":0,"119":2,"120":1,"121":1,"122":1,"123":1,"124":1,"125":1,"126":1,"127":1,"128":1,"129":1,"130":1,"131":1,"132":1,"133":1,"134":1,"135":1,"136":1,"137":1,"138":1,"139":1,"140":1,"141":1,"142":1,"143":1,"144":1,"145":1,"146":0,"147":0,"148":0,"149":0,"150":0,"151":0,"152":0,"153":0,"154":0,"155":0,"156":0,"157":0,"158":1,"159":1,"160":1,"161":1,"162":1,"163":1,"164":1,"165":0,"166":0,"167":0,"168":0,"169":0,"170":0,"171":0,"172":0,"173":0,"174":0,"175":0,"176":0,"177":1,"178":1,"179":0,"180":0,"181":0,"182":0,"183":0,"184":0,"185":0,"186":0,"187":0,"188":0,"189":0,"190":0,"191":1,"192":1,"193":0,"194":0,"195":0,"196":0,"197":0,"198":0,"199":0,"200":0,"201":0,"202":0,"203":0,"204":0,"205":1,"206":1,"207":1,"208":1,"209":3,"210":3,"211":3,"212":3,"213":3,"214":1,"215":1,"216":0,"217":0,"218":0,"219":0,"220":0,"221":0,"222":0,"223":0,"224":1,"225":1,"226":1,"227":1,"228":1,"229":1,"230":1,"231":1,"232":1,"233":1,"234":1},"branchMap":{"0":{"type":"branch","line":6,"loc":{"start":{"line":6,"column":22},"end":{"line":7,"column":70}},"locations":[{"start":{"line":6,"column":22},"end":{"line":7,"column":70}}]},"1":{"type":"branch","line":7,"loc":{"start":{"line":7,"column":9},"end":{"line":7,"column":21}},"locations":[{"start":{"line":7,"column":9},"end":{"line":7,"column":21}}]},"2":{"type":"branch","line":7,"loc":{"start":{"line":7,"column":22},"end":{"line":7,"column":69}},"locations":[{"start":{"line":7,"column":22},"end":{"line":7,"column":69}}]},"3":{"type":"branch","line":7,"loc":{"start":{"line":7,"column":40},"end":{"line":7,"column":56}},"locations":[{"start":{"line":7,"column":40},"end":{"line":7,"column":56}}]},"4":{"type":"branch","line":38,"loc":{"start":{"line":38,"column":32},"end":{"line":58,"column":2}},"locations":[{"start":{"line":38,"column":32},"end":{"line":58,"column":2}}]},"5":{"type":"branch","line":41,"loc":{"start":{"line":41,"column":-2},"end":{"line":58,"column":2}},"locations":[{"start":{"line":41,"column":-2},"end":{"line":58,"column":2}}]},"6":{"type":"branch","line":44,"loc":{"start":{"line":44,"column":4},"end":{"line":44,"column":39}},"locations":[{"start":{"line":44,"column":4},"end":{"line":44,"column":39}}]},"7":{"type":"branch","line":46,"loc":{"start":{"line":46,"column":62},"end":{"line":47,"column":47}},"locations":[{"start":{"line":46,"column":62},"end":{"line":47,"column":47}}]},"8":{"type":"branch","line":53,"loc":{"start":{"line":53,"column":6},"end":{"line":53,"column":41}},"locations":[{"start":{"line":53,"column":6},"end":{"line":53,"column":41}}]},"9":{"type":"branch","line":55,"loc":{"start":{"line":55,"column":6},"end":{"line":55,"column":33}},"locations":[{"start":{"line":55,"column":6},"end":{"line":55,"column":33}}]},"10":{"type":"branch","line":74,"loc":{"start":{"line":74,"column":33},"end":{"line":80,"column":7}},"locations":[{"start":{"line":74,"column":33},"end":{"line":80,"column":7}}]},"11":{"type":"branch","line":76,"loc":{"start":{"line":76,"column":10},"end":{"line":76,"column":32}},"locations":[{"start":{"line":76,"column":10},"end":{"line":76,"column":32}}]},"12":{"type":"branch","line":77,"loc":{"start":{"line":77,"column":10},"end":{"line":80,"column":5}},"locations":[{"start":{"line":77,"column":10},"end":{"line":80,"column":5}}]},"13":{"type":"branch","line":78,"loc":{"start":{"line":78,"column":14},"end":{"line":78,"column":16}},"locations":[{"start":{"line":78,"column":14},"end":{"line":78,"column":16}}]},"14":{"type":"branch","line":79,"loc":{"start":{"line":79,"column":-2},"end":{"line":80,"column":5}},"locations":[{"start":{"line":79,"column":-2},"end":{"line":80,"column":5}}]},"15":{"type":"branch","line":82,"loc":{"start":{"line":82,"column":27},"end":{"line":88,"column":7}},"locations":[{"start":{"line":82,"column":27},"end":{"line":88,"column":7}}]},"16":{"type":"branch","line":84,"loc":{"start":{"line":84,"column":10},"end":{"line":84,"column":32}},"locations":[{"start":{"line":84,"column":10},"end":{"line":84,"column":32}}]},"17":{"type":"branch","line":85,"loc":{"start":{"line":85,"column":10},"end":{"line":88,"column":5}},"locations":[{"start":{"line":85,"column":10},"end":{"line":88,"column":5}}]},"18":{"type":"branch","line":86,"loc":{"start":{"line":86,"column":14},"end":{"line":86,"column":16}},"locations":[{"start":{"line":86,"column":14},"end":{"line":86,"column":16}}]},"19":{"type":"branch","line":87,"loc":{"start":{"line":87,"column":-2},"end":{"line":88,"column":5}},"locations":[{"start":{"line":87,"column":-2},"end":{"line":88,"column":5}}]},"20":{"type":"branch","line":90,"loc":{"start":{"line":90,"column":28},"end":{"line":100,"column":5}},"locations":[{"start":{"line":90,"column":28},"end":{"line":100,"column":5}}]},"21":{"type":"branch","line":97,"loc":{"start":{"line":97,"column":10},"end":{"line":100,"column":3}},"locations":[{"start":{"line":97,"column":10},"end":{"line":100,"column":3}}]},"22":{"type":"branch","line":98,"loc":{"start":{"line":98,"column":12},"end":{"line":98,"column":14}},"locations":[{"start":{"line":98,"column":12},"end":{"line":98,"column":14}}]},"23":{"type":"branch","line":99,"loc":{"start":{"line":99,"column":-2},"end":{"line":100,"column":3}},"locations":[{"start":{"line":99,"column":-2},"end":{"line":100,"column":3}}]},"24":{"type":"branch","line":107,"loc":{"start":{"line":107,"column":30},"end":{"line":120,"column":5}},"locations":[{"start":{"line":107,"column":30},"end":{"line":120,"column":5}}]},"25":{"type":"branch","line":117,"loc":{"start":{"line":117,"column":10},"end":{"line":120,"column":3}},"locations":[{"start":{"line":117,"column":10},"end":{"line":120,"column":3}}]},"26":{"type":"branch","line":118,"loc":{"start":{"line":118,"column":12},"end":{"line":118,"column":14}},"locations":[{"start":{"line":118,"column":12},"end":{"line":118,"column":14}}]},"27":{"type":"branch","line":119,"loc":{"start":{"line":119,"column":-2},"end":{"line":120,"column":3}},"locations":[{"start":{"line":119,"column":-2},"end":{"line":120,"column":3}}]},"28":{"type":"branch","line":126,"loc":{"start":{"line":126,"column":35},"end":{"line":132,"column":55}},"locations":[{"start":{"line":126,"column":35},"end":{"line":132,"column":55}}]},"29":{"type":"branch","line":132,"loc":{"start":{"line":132,"column":10},"end":{"line":132,"column":32}},"locations":[{"start":{"line":132,"column":10},"end":{"line":132,"column":32}}]},"30":{"type":"branch","line":209,"loc":{"start":{"line":209,"column":26},"end":{"line":214,"column":5}},"locations":[{"start":{"line":209,"column":26},"end":{"line":214,"column":5}}]},"31":{"type":"branch","line":226,"loc":{"start":{"line":226,"column":25},"end":{"line":235,"column":60}},"locations":[{"start":{"line":226,"column":25},"end":{"line":235,"column":60}}]},"32":{"type":"branch","line":235,"loc":{"start":{"line":235,"column":10},"end":{"line":235,"column":32}},"locations":[{"start":{"line":235,"column":10},"end":{"line":235,"column":32}}]}},"b":{"0":[4],"1":[3],"2":[1],"3":[1],"4":[3],"5":[3],"6":[3],"7":[0],"8":[0],"9":[1],"10":[2],"11":[2],"12":[1],"13":[0],"14":[0],"15":[1],"16":[1],"17":[1],"18":[0],"19":[0],"20":[1],"21":[1],"22":[0],"23":[0],"24":[2],"25":[1],"26":[0],"27":[0],"28":[1],"29":[1],"30":[3],"31":[1],"32":[1]},"fnMap":{"0":{"name":"checkResponse","decl":{"start":{"line":6,"column":22},"end":{"line":7,"column":70}},"loc":{"start":{"line":6,"column":22},"end":{"line":7,"column":70}},"line":6},"1":{"name":"refreshToken","decl":{"start":{"line":18,"column":28},"end":{"line":36,"column":7}},"loc":{"start":{"line":18,"column":28},"end":{"line":36,"column":7}},"line":18},"2":{"name":"fetchWithRefresh","decl":{"start":{"line":38,"column":32},"end":{"line":58,"column":2}},"loc":{"start":{"line":38,"column":32},"end":{"line":58,"column":2}},"line":38},"3":{"name":"getIngredientsApi","decl":{"start":{"line":74,"column":33},"end":{"line":80,"column":7}},"loc":{"start":{"line":74,"column":33},"end":{"line":80,"column":7}},"line":74},"4":{"name":"getFeedsApi","decl":{"start":{"line":82,"column":27},"end":{"line":88,"column":7}},"loc":{"start":{"line":82,"column":27},"end":{"line":88,"column":7}},"line":82},"5":{"name":"getOrdersApi","decl":{"start":{"line":90,"column":28},"end":{"line":100,"column":5}},"loc":{"start":{"line":90,"column":28},"end":{"line":100,"column":5}},"line":90},"6":{"name":"orderBurgerApi","decl":{"start":{"line":107,"column":30},"end":{"line":120,"column":5}},"loc":{"start":{"line":107,"column":30},"end":{"line":120,"column":5}},"line":107},"7":{"name":"getOrderByNumberApi","decl":{"start":{"line":126,"column":35},"end":{"line":132,"column":55}},"loc":{"start":{"line":126,"column":35},"end":{"line":132,"column":55}},"line":126},"8":{"name":"registerUserApi","decl":{"start":{"line":146,"column":31},"end":{"line":158,"column":7}},"loc":{"start":{"line":146,"column":31},"end":{"line":158,"column":7}},"line":146},"9":{"name":"loginUserApi","decl":{"start":{"line":165,"column":28},"end":{"line":177,"column":7}},"loc":{"start":{"line":165,"column":28},"end":{"line":177,"column":7}},"line":165},"10":{"name":"forgotPasswordApi","decl":{"start":{"line":179,"column":33},"end":{"line":191,"column":7}},"loc":{"start":{"line":179,"column":33},"end":{"line":191,"column":7}},"line":179},"11":{"name":"resetPasswordApi","decl":{"start":{"line":193,"column":32},"end":{"line":205,"column":7}},"loc":{"start":{"line":193,"column":32},"end":{"line":205,"column":7}},"line":193},"12":{"name":"getUserApi","decl":{"start":{"line":209,"column":26},"end":{"line":214,"column":5}},"loc":{"start":{"line":209,"column":26},"end":{"line":214,"column":5}},"line":209},"13":{"name":"updateUserApi","decl":{"start":{"line":216,"column":29},"end":{"line":224,"column":5}},"loc":{"start":{"line":216,"column":29},"end":{"line":224,"column":5}},"line":216},"14":{"name":"logoutApi","decl":{"start":{"line":226,"column":25},"end":{"line":235,"column":60}},"loc":{"start":{"line":226,"column":25},"end":{"line":235,"column":60}},"line":226}},"f":{"0":4,"1":0,"2":3,"3":2,"4":1,"5":1,"6":2,"7":1,"8":0,"9":0,"10":0,"11":0,"12":3,"13":0,"14":1}}
,"D:\\dev\\stellar-burgers\\src\\utils\\cookie.ts": {"path":"D:\\dev\\stellar-burgers\\src\\utils\\cookie.ts","all":false,"statementMap":{"0":{"start":{"line":1,"column":0},"end":{"line":1,"column":61}},"1":{"start":{"line":2,"column":0},"end":{"line":2,"column":40}},"2":{"start":{"line":3,"column":0},"end":{"line":3,"column":15}},"3":{"start":{"line":4,"column":0},"end":{"line":4,"column":18}},"4":{"start":{"line":5,"column":0},"end":{"line":5,"column":53}},"5":{"start":{"line":6,"column":0},"end":{"line":6,"column":62}},"6":{"start":{"line":7,"column":0},"end":{"line":7,"column":18}},"7":{"start":{"line":8,"column":0},"end":{"line":8,"column":5}},"8":{"start":{"line":9,"column":0},"end":{"line":9,"column":4}},"9":{"start":{"line":10,"column":0},"end":{"line":10,"column":62}},"10":{"start":{"line":11,"column":0},"end":{"line":11,"column":1}},"11":{"start":{"line":12,"column":0},"end":{"line":12,"column":0}},"12":{"start":{"line":13,"column":0},"end":{"line":13,"column":26}},"13":{"start":{"line":14,"column":0},"end":{"line":14,"column":15}},"14":{"start":{"line":15,"column":0},"end":{"line":15,"column":16}},"15":{"start":{"line":16,"column":0},"end":{"line":16,"column":65}},"16":{"start":{"line":17,"column":0},"end":{"line":17,"column":3}},"17":{"start":{"line":18,"column":0},"end":{"line":18,"column":11}},"18":{"start":{"line":19,"column":0},"end":{"line":19,"column":14}},"19":{"start":{"line":20,"column":0},"end":{"line":20,"column":12}},"20":{"start":{"line":21,"column":0},"end":{"line":21,"column":4}},"21":{"start":{"line":22,"column":0},"end":{"line":22,"column":0}},"22":{"start":{"line":23,"column":0},"end":{"line":23,"column":26}},"23":{"start":{"line":24,"column":0},"end":{"line":24,"column":39}},"24":{"start":{"line":25,"column":0},"end":{"line":25,"column":25}},"25":{"start":{"line":26,"column":0},"end":{"line":26,"column":40}},"26":{"start":{"line":27,"column":0},"end":{"line":27,"column":28}},"27":{"start":{"line":28,"column":0},"end":{"line":28,"column":3}},"28":{"start":{"line":29,"column":0},"end":{"line":29,"column":0}},"29":{"start":{"line":30,"column":0},"end":{"line":30,"column":35}},"30":{"start":{"line":31,"column":0},"end":{"line":31,"column":38}},"31":{"start":{"line":32,"column":0},"end":{"line":32,"column":3}},"32":{"start":{"line":33,"column":0},"end":{"line":33,"column":36}},"33":{"start":{"line":34,"column":0},"end":{"line":34,"column":41}},"34":{"start":{"line":35,"column":0},"end":{"line":35,"column":33}},"35":{"start":{"line":36,"column":0},"end":{"line":36,"column":37}},"36":{"start":{"line":37,"column":0},"end":{"line":37,"column":38}},"37":{"start":{"line":38,"column":0},"end":{"line":38,"column":29}},"38":{"start":{"line":39,"column":0},"end":{"line":39,"column":39}},"39":{"start":{"line":40,"column":0},"end":{"line":40,"column":5}},"40":{"start":{"line":41,"column":0},"end":{"line":41,"column":3}},"41":{"start":{"line":42,"column":0},"end":{"line":42,"column":34}},"42":{"start":{"line":43,"column":0},"end":{"line":43,"column":1}},"43":{"start":{"line":44,"column":0},"end":{"line":44,"column":0}},"44":{"start":{"line":45,"column":0},"end":{"line":45,"column":44}},"45":{"start":{"line":46,"column":0},"end":{"line":46,"column":39}},"46":{"start":{"line":47,"column":0},"end":{"line":47,"column":1}}},"s":{"0":3,"1":3,"2":3,"3":3,"4":3,"5":3,"6":3,"7":3,"8":3,"9":3,"10":3,"11":1,"12":1,"13":1,"14":1,"15":1,"16":1,"17":1,"18":1,"19":1,"20":1,"21":1,"22":1,"23":1,"24":0,"25":0,"26":0,"27":0,"28":1,"29":1,"30":0,"31":0,"32":1,"33":1,"34":1,"35":1,"36":1,"37":1,"38":1,"39":1,"40":1,"41":1,"42":1,"43":1,"44":0,"45":0,"46":0},"branchMap":{"0":{"type":"branch","line":1,"loc":{"start":{"line":1,"column":0},"end":{"line":11,"column":1}},"locations":[{"start":{"line":1,"column":0},"end":{"line":11,"column":1}}]},"1":{"type":"branch","line":10,"loc":{"start":{"line":10,"column":50},"end":{"line":10,"column":61}},"locations":[{"start":{"line":10,"column":50},"end":{"line":10,"column":61}}]},"2":{"type":"branch","line":13,"loc":{"start":{"line":13,"column":0},"end":{"line":43,"column":1}},"locations":[{"start":{"line":13,"column":0},"end":{"line":43,"column":1}}]},"3":{"type":"branch","line":24,"loc":{"start":{"line":24,"column":9},"end":{"line":24,"column":36}},"locations":[{"start":{"line":24,"column":9},"end":{"line":24,"column":36}}]},"4":{"type":"branch","line":24,"loc":{"start":{"line":24,"column":38},"end":{"line":28,"column":3}},"locations":[{"start":{"line":24,"column":38},"end":{"line":28,"column":3}}]},"5":{"type":"branch","line":30,"loc":{"start":{"line":30,"column":9},"end":{"line":30,"column":32}},"locations":[{"start":{"line":30,"column":9},"end":{"line":30,"column":32}}]},"6":{"type":"branch","line":30,"loc":{"start":{"line":30,"column":34},"end":{"line":32,"column":3}},"locations":[{"start":{"line":30,"column":34},"end":{"line":32,"column":3}}]}},"b":{"0":[3],"1":[0],"2":[1],"3":[0],"4":[0],"5":[0],"6":[0]},"fnMap":{"0":{"name":"getCookie","decl":{"start":{"line":1,"column":0},"end":{"line":11,"column":1}},"loc":{"start":{"line":1,"column":0},"end":{"line":11,"column":1}},"line":1},"1":{"name":"setCookie","decl":{"start":{"line":13,"column":0},"end":{"line":43,"column":1}},"loc":{"start":{"line":13,"column":0},"end":{"line":43,"column":1}},"line":13},"2":{"name":"deleteCookie","decl":{"start":{"line":45,"column":0},"end":{"line":47,"column":1}},"loc":{"start":{"line":45,"column":0},"end":{"line":47,"column":1}},"line":45}},"f":{"0":3,"1":1,"2":0}}
}
